TN:
SF:server.js
FN:71,(anonymous_0)
FN:112,(anonymous_1)
FN:130,(anonymous_2)
FN:134,(anonymous_3)
FN:139,(anonymous_4)
FN:160,(anonymous_5)
FN:163,(anonymous_6)
FN:165,(anonymous_7)
FN:173,(anonymous_8)
FNF:9
FNH:0
FNDA:0,(anonymous_0)
FNDA:0,(anonymous_1)
FNDA:0,(anonymous_2)
FNDA:0,(anonymous_3)
FNDA:0,(anonymous_4)
FNDA:0,(anonymous_5)
FNDA:0,(anonymous_6)
FNDA:0,(anonymous_7)
FNDA:0,(anonymous_8)
DA:3,0
DA:15,0
DA:16,0
DA:42,0
DA:43,0
DA:44,0
DA:46,0
DA:47,0
DA:49,0
DA:50,0
DA:51,0
DA:55,0
DA:56,0
DA:58,0
DA:59,0
DA:60,0
DA:63,0
DA:64,0
DA:65,0
DA:66,0
DA:67,0
DA:70,0
DA:71,0
DA:72,0
DA:73,0
DA:75,0
DA:80,0
DA:81,0
DA:83,0
DA:84,0
DA:86,0
DA:87,0
DA:90,0
DA:91,0
DA:94,0
DA:98,0
DA:101,0
DA:102,0
DA:103,0
DA:104,0
DA:105,0
DA:106,0
DA:107,0
DA:108,0
DA:109,0
DA:112,0
DA:113,0
DA:114,0
DA:116,0
DA:121,0
DA:124,0
DA:127,0
DA:128,0
DA:131,0
DA:134,0
DA:135,0
DA:139,0
DA:140,0
DA:141,0
DA:145,0
DA:146,0
DA:147,0
DA:148,0
DA:152,0
DA:156,0
DA:157,0
DA:160,0
DA:161,0
DA:162,0
DA:163,0
DA:164,0
DA:165,0
DA:166,0
DA:167,0
DA:174,0
DA:175,0
LF:76
LH:0
BRDA:42,0,0,0
BRDA:42,0,1,0
BRDA:42,1,0,0
BRDA:42,1,1,0
BRDA:46,2,0,0
BRDA:46,2,1,0
BRDA:49,3,0,0
BRDA:49,3,1,0
BRDA:60,4,0,0
BRDA:60,4,1,0
BRDA:70,5,0,0
BRDA:70,5,1,0
BRDA:72,6,0,0
BRDA:72,6,1,0
BRDA:72,7,0,0
BRDA:72,7,1,0
BRDA:113,8,0,0
BRDA:113,8,1,0
BRDA:127,9,0,0
BRDA:127,9,1,0
BRF:20
BRH:0
end_of_record
TN:
SF:config/db.js
FN:5,(anonymous_0)
FNF:1
FNH:0
FNDA:0,(anonymous_0)
DA:7,0
DA:11,0
DA:12,0
DA:13,0
DA:16,0
DA:18,0
DA:20,0
DA:21,0
DA:24,0
DA:25,0
LF:10
LH:0
BRDA:7,0,0,0
BRDA:7,0,1,0
BRDA:11,1,0,0
BRDA:11,1,1,0
BRDA:20,2,0,0
BRDA:20,2,1,0
BRF:6
BRH:0
end_of_record
TN:
SF:config/errorHandler.js
FN:8,(anonymous_0)
FN:34,(anonymous_1)
FN:35,(anonymous_2)
FN:50,(anonymous_3)
FN:51,(anonymous_4)
FN:61,(anonymous_5)
FNF:6
FNH:0
FNDA:0,(anonymous_0)
FNDA:0,(anonymous_1)
FNDA:0,(anonymous_2)
FNDA:0,(anonymous_3)
FNDA:0,(anonymous_4)
FNDA:0,(anonymous_5)
DA:8,0
DA:10,0
DA:13,0
DA:22,0
DA:34,0
DA:35,0
DA:36,0
DA:41,0
DA:42,0
DA:50,0
DA:51,0
DA:52,0
DA:58,0
DA:59,0
DA:61,0
DA:62,0
LF:16
LH:0
BRDA:10,0,0,0
BRDA:10,0,1,0
BRDA:23,1,0,0
BRDA:23,1,1,0
BRDA:26,2,0,0
BRDA:26,2,1,0
BRDA:37,3,0,0
BRDA:37,3,1,0
BRDA:38,4,0,0
BRDA:38,4,1,0
BRDA:41,5,0,0
BRDA:41,5,1,0
BRDA:58,6,0,0
BRDA:58,6,1,0
BRF:14
BRH:0
end_of_record
TN:
SF:config/logger.js
FN:45,(anonymous_0)
FN:65,(anonymous_1)
FNF:2
FNH:0
FNDA:0,(anonymous_0)
FNDA:0,(anonymous_1)
DA:8,0
DA:9,0
DA:12,0
DA:13,0
DA:16,0
DA:17,0
DA:21,0
DA:30,0
DA:39,0
DA:42,0
DA:45,0
DA:50,0
DA:65,0
DA:72,0
LF:14
LH:0
BRDA:16,0,0,0
BRDA:16,0,1,0
BRDA:73,1,0,0
BRDA:73,1,1,0
BRF:4
BRH:0
end_of_record
TN:
SF:config/monitoring.js
FN:51,(anonymous_0)
FN:60,(anonymous_1)
FN:64,(anonymous_2)
FNF:3
FNH:0
FNDA:0,(anonymous_0)
FNDA:0,(anonymous_1)
FNDA:0,(anonymous_2)
DA:2,0
DA:3,0
DA:4,0
DA:7,0
DA:8,0
DA:9,0
DA:12,0
DA:15,0
DA:22,0
DA:28,0
DA:35,0
DA:36,0
DA:37,0
DA:40,0
DA:52,0
DA:60,0
DA:61,0
DA:64,0
DA:65,0
DA:66,0
DA:68,0
DA:73,0
DA:74,0
DA:84,0
DA:85,0
DA:87,0
DA:90,0
LF:27
LH:0
BRDA:41,0,0,0
BRDA:41,0,1,0
BRDA:52,1,0,0
BRDA:52,1,1,0
BRDA:66,2,0,0
BRDA:66,2,1,0
BRDA:73,3,0,0
BRDA:73,3,1,0
BRF:8
BRH:0
end_of_record
TN:
SF:config/openai.js
FNF:0
FNH:0
DA:1,0
DA:3,0
DA:8,0
DA:9,0
LF:4
LH:0
BRF:0
BRH:0
end_of_record
TN:
SF:config/redis.js
FN:11,(anonymous_0)
FN:20,(anonymous_1)
FN:24,(anonymous_2)
FN:28,(anonymous_3)
FN:32,(anonymous_4)
FN:37,(anonymous_5)
FN:46,(anonymous_6)
FN:58,(anonymous_7)
FN:67,(anonymous_8)
FN:77,(anonymous_9)
FN:89,(anonymous_10)
FNF:11
FNH:0
FNDA:0,(anonymous_0)
FNDA:0,(anonymous_1)
FNDA:0,(anonymous_2)
FNDA:0,(anonymous_3)
FNDA:0,(anonymous_4)
FNDA:0,(anonymous_5)
FNDA:0,(anonymous_6)
FNDA:0,(anonymous_7)
FNDA:0,(anonymous_8)
FNDA:0,(anonymous_9)
FNDA:0,(anonymous_10)
DA:6,0
DA:12,0
DA:13,0
DA:14,0
DA:20,0
DA:21,0
DA:24,0
DA:25,0
DA:28,0
DA:29,0
DA:32,0
DA:33,0
DA:37,0
DA:38,0
DA:39,0
DA:41,0
DA:42,0
DA:46,0
DA:47,0
DA:48,0
DA:49,0
DA:51,0
DA:53,0
DA:54,0
DA:58,0
DA:59,0
DA:60,0
DA:62,0
DA:63,0
DA:67,0
DA:68,0
DA:69,0
DA:71,0
DA:72,0
DA:77,0
DA:78,0
DA:79,0
DA:80,0
DA:81,0
DA:83,0
DA:84,0
DA:89,0
DA:90,0
DA:91,0
DA:92,0
DA:93,0
DA:94,0
DA:96,0
DA:97,0
DA:99,0
DA:100,0
LF:51
LH:0
BRDA:7,0,0,0
BRDA:7,0,1,0
BRDA:8,1,0,0
BRDA:8,1,1,0
BRDA:10,2,0,0
BRDA:10,2,1,0
BRDA:46,3,0,0
BRDA:48,4,0,0
BRDA:48,4,1,0
BRDA:77,5,0,0
BRDA:92,6,0,0
BRDA:92,6,1,0
BRF:12
BRH:0
end_of_record
TN:
SF:controllers/accountingController.js
FN:29,(anonymous_0)
FN:66,(anonymous_1)
FN:81,(anonymous_2)
FN:126,(anonymous_3)
FN:153,(anonymous_4)
FN:195,(anonymous_5)
FN:246,(anonymous_6)
FN:273,(anonymous_7)
FN:303,(anonymous_8)
FN:306,(anonymous_9)
FN:309,(anonymous_10)
FN:316,(anonymous_11)
FN:346,(anonymous_12)
FN:370,(anonymous_13)
FN:392,(anonymous_14)
FN:418,(anonymous_15)
FN:423,(anonymous_16)
FN:451,(anonymous_17)
FN:481,(anonymous_18)
FN:485,(anonymous_19)
FN:486,(anonymous_20)
FN:495,(anonymous_21)
FN:496,(anonymous_22)
FN:502,(anonymous_23)
FNF:24
FNH:0
FNDA:0,(anonymous_0)
FNDA:0,(anonymous_1)
FNDA:0,(anonymous_2)
FNDA:0,(anonymous_3)
FNDA:0,(anonymous_4)
FNDA:0,(anonymous_5)
FNDA:0,(anonymous_6)
FNDA:0,(anonymous_7)
FNDA:0,(anonymous_8)
FNDA:0,(anonymous_9)
FNDA:0,(anonymous_10)
FNDA:0,(anonymous_11)
FNDA:0,(anonymous_12)
FNDA:0,(anonymous_13)
FNDA:0,(anonymous_14)
FNDA:0,(anonymous_15)
FNDA:0,(anonymous_16)
FNDA:0,(anonymous_17)
FNDA:0,(anonymous_18)
FNDA:0,(anonymous_19)
FNDA:0,(anonymous_20)
FNDA:0,(anonymous_21)
FNDA:0,(anonymous_22)
FNDA:0,(anonymous_23)
DA:9,0
DA:27,0
DA:29,0
DA:32,0
DA:40,0
DA:48,0
DA:53,0
DA:59,0
DA:66,0
DA:67,0
DA:68,0
DA:69,0
DA:70,0
DA:71,0
DA:81,0
DA:82,0
DA:83,0
DA:86,0
DA:87,0
DA:88,0
DA:92,0
DA:94,0
DA:97,0
DA:98,0
DA:99,0
DA:100,0
DA:103,0
DA:105,0
DA:107,0
DA:109,0
DA:110,0
DA:113,0
DA:114,0
DA:116,0
DA:117,0
DA:126,0
DA:127,0
DA:128,0
DA:129,0
DA:131,0
DA:132,0
DA:135,0
DA:137,0
DA:138,0
DA:141,0
DA:143,0
DA:144,0
DA:153,0
DA:154,0
DA:155,0
DA:158,0
DA:159,0
DA:160,0
DA:166,0
DA:167,0
DA:168,0
DA:170,0
DA:171,0
DA:172,0
DA:176,0
DA:182,0
DA:183,0
DA:185,0
DA:186,0
DA:195,0
DA:196,0
DA:197,0
DA:198,0
DA:200,0
DA:201,0
DA:205,0
DA:206,0
DA:207,0
DA:213,0
DA:214,0
DA:216,0
DA:217,0
DA:218,0
DA:220,0
DA:221,0
DA:224,0
DA:230,0
DA:231,0
DA:234,0
DA:236,0
DA:237,0
DA:246,0
DA:247,0
DA:248,0
DA:249,0
DA:251,0
DA:252,0
DA:255,0
DA:257,0
DA:258,0
DA:261,0
DA:263,0
DA:264,0
DA:273,0
DA:274,0
DA:275,0
DA:278,0
DA:279,0
DA:280,0
DA:284,0
DA:287,0
DA:288,0
DA:289,0
DA:290,0
DA:291,0
DA:295,0
DA:297,0
DA:298,0
DA:302,0
DA:303,0
DA:306,0
DA:309,0
DA:311,0
DA:312,0
DA:316,0
DA:328,0
DA:330,0
DA:336,0
DA:337,0
DA:346,0
DA:347,0
DA:348,0
DA:351,0
DA:352,0
DA:353,0
DA:357,0
DA:360,0
DA:366,0
DA:367,0
DA:368,0
DA:370,0
DA:371,0
DA:372,0
DA:374,0
DA:377,0
DA:378,0
DA:380,0
DA:381,0
DA:383,0
DA:387,0
DA:390,0
DA:391,0
DA:392,0
DA:394,0
DA:395,0
DA:396,0
DA:397,0
DA:398,0
DA:399,0
DA:400,0
DA:401,0
DA:402,0
DA:403,0
DA:405,0
DA:408,0
DA:409,0
DA:411,0
DA:412,0
DA:414,0
DA:417,0
DA:418,0
DA:423,0
DA:426,0
DA:441,0
DA:442,0
DA:451,0
DA:452,0
DA:453,0
DA:456,0
DA:457,0
DA:458,0
DA:463,0
DA:464,0
DA:467,0
DA:474,0
DA:480,0
DA:481,0
DA:482,0
DA:485,0
DA:486,0
DA:487,0
DA:488,0
DA:489,0
DA:490,0
DA:492,0
DA:494,0
DA:495,0
DA:496,0
DA:500,0
DA:501,0
DA:502,0
DA:503,0
DA:504,0
DA:506,0
DA:514,0
DA:533,0
DA:534,0
LF:202
LH:0
BRDA:87,0,0,0
BRDA:87,0,1,0
BRDA:97,1,0,0
BRDA:97,1,1,0
BRDA:97,2,0,0
BRDA:97,2,1,0
BRDA:99,3,0,0
BRDA:99,3,1,0
BRDA:100,4,0,0
BRDA:100,4,1,0
BRDA:103,5,0,0
BRDA:103,5,1,0
BRDA:105,6,0,0
BRDA:105,6,1,0
BRDA:109,7,0,0
BRDA:109,7,1,0
BRDA:131,8,0,0
BRDA:131,8,1,0
BRDA:137,9,0,0
BRDA:137,9,1,0
BRDA:159,10,0,0
BRDA:159,10,1,0
BRDA:167,11,0,0
BRDA:167,11,1,0
BRDA:167,12,0,0
BRDA:167,12,1,0
BRDA:171,13,0,0
BRDA:171,13,1,0
BRDA:200,14,0,0
BRDA:200,14,1,0
BRDA:206,15,0,0
BRDA:206,15,1,0
BRDA:213,16,0,0
BRDA:213,16,1,0
BRDA:213,17,0,0
BRDA:213,17,1,0
BRDA:217,18,0,0
BRDA:217,18,1,0
BRDA:220,19,0,0
BRDA:220,19,1,0
BRDA:220,20,0,0
BRDA:220,20,1,0
BRDA:230,21,0,0
BRDA:230,21,1,0
BRDA:251,22,0,0
BRDA:251,22,1,0
BRDA:257,23,0,0
BRDA:257,23,1,0
BRDA:279,24,0,0
BRDA:279,24,1,0
BRDA:288,25,0,0
BRDA:288,25,1,0
BRDA:288,26,0,0
BRDA:288,26,1,0
BRDA:290,27,0,0
BRDA:290,27,1,0
BRDA:291,28,0,0
BRDA:291,28,1,0
BRDA:297,29,0,0
BRDA:297,29,1,0
BRDA:311,30,0,0
BRDA:311,30,1,0
BRDA:352,31,0,0
BRDA:352,31,1,0
BRDA:371,32,0,0
BRDA:371,32,1,0
BRDA:377,33,0,0
BRDA:377,33,1,0
BRDA:380,34,0,0
BRDA:380,34,1,0
BRDA:391,35,0,0
BRDA:391,35,1,0
BRDA:395,36,0,0
BRDA:395,36,1,0
BRDA:397,37,0,0
BRDA:397,37,1,0
BRDA:399,38,0,0
BRDA:399,38,1,0
BRDA:408,39,0,0
BRDA:408,39,1,0
BRDA:411,40,0,0
BRDA:411,40,1,0
BRDA:435,41,0,0
BRDA:435,41,1,0
BRDA:457,42,0,0
BRDA:457,42,1,0
BRDA:463,43,0,0
BRDA:463,43,1,0
BRDA:482,44,0,0
BRDA:482,44,1,0
BRDA:487,45,0,0
BRDA:487,45,1,0
BRDA:488,46,0,0
BRDA:488,46,1,0
BRDA:503,47,0,0
BRDA:503,47,1,0
BRF:96
BRH:0
end_of_record
TN:
SF:controllers/authController.js
FN:53,(anonymous_0)
FN:65,(anonymous_1)
FN:82,(anonymous_2)
FN:92,(anonymous_3)
FN:109,(anonymous_4)
FN:180,(anonymous_5)
FN:219,(anonymous_6)
FN:276,(anonymous_7)
FN:335,(anonymous_8)
FN:378,(anonymous_9)
FN:423,(anonymous_10)
FNF:11
FNH:8
FNDA:1,(anonymous_0)
FNDA:1,(anonymous_1)
FNDA:1,(anonymous_2)
FNDA:0,(anonymous_3)
FNDA:3,(anonymous_4)
FNDA:4,(anonymous_5)
FNDA:6,(anonymous_6)
FNDA:0,(anonymous_7)
FNDA:2,(anonymous_8)
FNDA:0,(anonymous_9)
FNDA:4,(anonymous_10)
DA:26,1
DA:32,1
DA:37,1
DA:41,1
DA:53,1
DA:54,1
DA:65,1
DA:66,1
DA:72,1
DA:82,1
DA:83,1
DA:92,1
DA:93,0
DA:94,0
DA:98,0
DA:99,0
DA:109,1
DA:110,3
DA:111,3
DA:112,3
DA:113,0
DA:114,0
DA:116,3
DA:117,3
DA:118,3
DA:119,1
DA:122,2
DA:123,2
DA:124,2
DA:134,2
DA:138,1
DA:141,1
DA:142,1
DA:143,1
DA:145,0
DA:146,0
DA:147,0
DA:148,0
DA:154,0
DA:155,0
DA:157,0
DA:162,0
DA:164,0
DA:170,2
DA:171,2
DA:180,1
DA:181,4
DA:182,4
DA:183,4
DA:184,0
DA:186,4
DA:187,4
DA:188,4
DA:189,2
DA:191,2
DA:192,1
DA:194,1
DA:195,1
DA:197,0
DA:198,0
DA:204,0
DA:209,1
DA:210,1
DA:219,1
DA:220,6
DA:221,6
DA:222,1
DA:224,5
DA:225,5
DA:226,3
DA:227,3
DA:228,1
DA:229,1
DA:232,2
DA:234,2
DA:236,2
DA:238,2
DA:239,2
DA:240,2
DA:241,2
DA:244,0
DA:245,0
DA:246,0
DA:249,0
DA:251,0
DA:257,0
DA:262,2
DA:263,1
DA:264,1
DA:266,1
DA:267,1
DA:276,1
DA:277,0
DA:278,0
DA:279,0
DA:280,0
DA:281,0
DA:285,0
DA:286,0
DA:287,0
DA:288,0
DA:292,0
DA:293,0
DA:295,0
DA:296,0
DA:298,0
DA:301,0
DA:304,0
DA:308,0
DA:309,0
DA:310,0
DA:312,0
DA:316,0
DA:322,0
DA:325,0
DA:326,0
DA:335,1
DA:336,2
DA:337,2
DA:338,2
DA:339,0
DA:341,2
DA:342,2
DA:343,1
DA:345,1
DA:348,1
DA:349,1
DA:350,1
DA:351,1
DA:357,1
DA:358,1
DA:359,1
DA:361,1
DA:363,0
DA:365,0
DA:368,0
DA:369,0
DA:378,1
DA:379,0
DA:380,0
DA:382,0
DA:384,0
DA:386,0
DA:387,0
DA:391,0
DA:392,0
DA:393,0
DA:397,0
DA:398,0
DA:400,0
DA:401,0
DA:403,0
DA:406,0
DA:407,0
DA:410,0
DA:411,0
DA:413,0
DA:414,0
DA:423,1
DA:424,4
DA:425,4
DA:426,4
DA:427,0
DA:429,0
DA:430,0
DA:433,0
DA:434,0
DA:437,0
DA:438,0
DA:443,0
DA:446,0
DA:449,4
DA:450,4
DA:452,0
DA:453,0
LF:175
LH:90
BRDA:54,0,0,1
BRDA:54,0,1,0
BRDA:55,1,0,1
BRDA:55,1,1,0
BRDA:73,2,0,1
BRDA:73,2,1,0
BRDA:112,3,0,0
BRDA:112,3,1,3
BRDA:118,4,0,1
BRDA:118,4,1,2
BRDA:135,5,0,2
BRDA:135,5,1,0
BRDA:146,6,0,0
BRDA:146,6,1,0
BRDA:154,7,0,0
BRDA:154,7,1,0
BRDA:183,8,0,0
BRDA:183,8,1,4
BRDA:188,9,0,2
BRDA:188,9,1,2
BRDA:188,10,0,4
BRDA:188,10,1,3
BRDA:191,11,0,1
BRDA:191,11,1,1
BRDA:221,12,0,1
BRDA:221,12,1,5
BRDA:225,13,0,5
BRDA:225,13,1,0
BRDA:227,14,0,1
BRDA:227,14,1,2
BRDA:234,15,0,2
BRDA:234,15,1,0
BRDA:236,16,0,2
BRDA:236,16,1,0
BRDA:236,17,0,2
BRDA:236,17,1,1
BRDA:236,17,2,0
BRDA:246,18,0,0
BRDA:246,18,1,0
BRDA:262,19,0,1
BRDA:262,19,1,1
BRDA:262,20,0,2
BRDA:262,20,1,1
BRDA:279,21,0,0
BRDA:279,21,1,0
BRDA:286,22,0,0
BRDA:286,22,1,0
BRDA:286,23,0,0
BRDA:286,23,1,0
BRDA:293,24,0,0
BRDA:293,24,1,0
BRDA:293,25,0,0
BRDA:293,25,1,0
BRDA:293,25,2,0
BRDA:338,26,0,0
BRDA:338,26,1,2
BRDA:342,27,0,1
BRDA:342,27,1,1
BRDA:349,28,0,1
BRDA:349,28,1,0
BRDA:357,29,0,1
BRDA:357,29,1,0
BRDA:386,30,0,0
BRDA:386,30,1,0
BRDA:392,31,0,0
BRDA:392,31,1,0
BRDA:410,32,0,0
BRDA:410,32,1,0
BRDA:410,33,0,0
BRDA:410,33,1,0
BRDA:426,34,0,4
BRDA:426,34,1,0
BRDA:429,35,0,0
BRDA:429,35,1,0
BRDA:433,36,0,0
BRDA:433,36,1,0
BRDA:449,37,0,4
BRDA:449,37,1,0
BRDA:449,38,0,4
BRDA:449,38,1,4
BRF:80
BRH:36
end_of_record
TN:
SF:controllers/chatController.js
FN:31,(anonymous_0)
FN:110,(anonymous_1)
FN:140,(anonymous_2)
FNF:3
FNH:0
FNDA:0,(anonymous_0)
FNDA:0,(anonymous_1)
FNDA:0,(anonymous_2)
DA:14,0
DA:19,0
DA:31,0
DA:32,0
DA:33,0
DA:34,0
DA:37,0
DA:38,0
DA:39,0
DA:44,0
DA:46,0
DA:50,0
DA:52,0
DA:53,0
DA:58,0
DA:59,0
DA:60,0
DA:63,0
DA:64,0
DA:68,0
DA:72,0
DA:89,0
DA:98,0
DA:101,0
DA:110,0
DA:111,0
DA:112,0
DA:113,0
DA:116,0
DA:117,0
DA:121,0
DA:123,0
DA:125,0
DA:128,0
DA:130,0
DA:131,0
DA:140,0
DA:141,0
DA:142,0
DA:143,0
DA:145,0
DA:146,0
DA:150,0
DA:153,0
DA:156,0
DA:157,0
LF:46
LH:0
BRDA:38,0,0,0
BRDA:38,0,1,0
BRDA:50,1,0,0
BRDA:50,1,1,0
BRDA:50,2,0,0
BRDA:50,2,1,0
BRDA:53,3,0,0
BRDA:53,3,1,0
BRDA:116,4,0,0
BRDA:116,4,1,0
BRDA:123,5,0,0
BRDA:123,5,1,0
BRDA:145,6,0,0
BRDA:145,6,1,0
BRF:14
BRH:0
end_of_record
TN:
SF:controllers/employeeController.js
FN:15,(anonymous_0)
FN:39,(anonymous_1)
FN:65,(anonymous_2)
FN:101,(anonymous_3)
FN:132,(anonymous_4)
FN:179,(anonymous_5)
FN:226,(anonymous_6)
FN:265,(anonymous_7)
FN:304,(anonymous_8)
FN:317,(anonymous_9)
FN:321,(anonymous_10)
FN:329,(anonymous_11)
FNF:12
FNH:5
FNDA:0,(anonymous_0)
FNDA:2,(anonymous_1)
FNDA:2,(anonymous_2)
FNDA:2,(anonymous_3)
FNDA:2,(anonymous_4)
FNDA:2,(anonymous_5)
FNDA:0,(anonymous_6)
FNDA:0,(anonymous_7)
FNDA:0,(anonymous_8)
FNDA:0,(anonymous_9)
FNDA:0,(anonymous_10)
FNDA:0,(anonymous_11)
DA:7,1
DA:15,0
DA:21,1
DA:39,1
DA:40,2
DA:41,2
DA:42,2
DA:43,2
DA:45,2
DA:47,2
DA:48,0
DA:51,2
DA:52,2
DA:54,1
DA:56,1
DA:65,1
DA:66,2
DA:68,2
DA:69,2
DA:70,0
DA:71,0
DA:73,2
DA:74,2
DA:75,2
DA:76,2
DA:78,2
DA:79,0
DA:81,0
DA:82,0
DA:85,0
DA:89,2
DA:90,0
DA:92,2
DA:101,1
DA:102,2
DA:103,2
DA:104,2
DA:105,2
DA:107,2
DA:108,2
DA:109,2
DA:112,0
DA:118,0
DA:120,0
DA:121,0
DA:123,0
DA:132,1
DA:133,2
DA:135,2
DA:136,2
DA:137,0
DA:138,0
DA:140,2
DA:141,2
DA:142,2
DA:143,2
DA:145,2
DA:146,2
DA:147,0
DA:150,2
DA:155,0
DA:157,0
DA:158,0
DA:161,0
DA:163,2
DA:164,0
DA:167,2
DA:168,0
DA:170,2
DA:179,1
DA:180,2
DA:182,2
DA:183,2
DA:184,0
DA:185,0
DA:187,2
DA:188,2
DA:189,2
DA:190,2
DA:191,2
DA:193,2
DA:194,0
DA:195,0
DA:196,0
DA:198,0
DA:200,2
DA:205,0
DA:207,0
DA:208,0
DA:210,0
DA:214,2
DA:215,0
DA:217,2
DA:226,1
DA:227,0
DA:229,0
DA:230,0
DA:231,0
DA:232,0
DA:234,0
DA:235,0
DA:236,0
DA:237,0
DA:239,0
DA:244,0
DA:246,0
DA:247,0
DA:250,0
DA:253,0
DA:254,0
DA:256,0
DA:265,1
DA:266,0
DA:268,0
DA:269,0
DA:270,0
DA:271,0
DA:273,0
DA:274,0
DA:275,0
DA:276,0
DA:278,0
DA:283,0
DA:285,0
DA:286,0
DA:289,0
DA:292,0
DA:293,0
DA:295,0
DA:304,1
DA:305,0
DA:306,0
DA:307,0
DA:309,0
DA:310,0
DA:312,0
DA:313,0
DA:316,0
DA:317,0
DA:318,0
DA:320,0
DA:321,0
DA:322,0
DA:323,0
DA:324,0
DA:326,0
DA:329,0
DA:330,0
DA:331,0
DA:333,0
DA:336,0
DA:344,0
LF:152
LH:62
BRDA:47,0,0,0
BRDA:47,0,1,2
BRDA:69,1,0,0
BRDA:69,1,1,2
BRDA:81,2,0,0
BRDA:81,2,1,0
BRDA:89,3,0,0
BRDA:89,3,1,2
BRDA:89,4,0,2
BRDA:89,4,1,0
BRDA:108,5,0,2
BRDA:108,5,1,0
BRDA:120,6,0,0
BRDA:120,6,1,0
BRDA:136,7,0,0
BRDA:136,7,1,2
BRDA:146,8,0,0
BRDA:146,8,1,2
BRDA:157,9,0,0
BRDA:157,9,1,0
BRDA:163,10,0,0
BRDA:163,10,1,2
BRDA:167,11,0,0
BRDA:167,11,1,2
BRDA:167,12,0,2
BRDA:167,12,1,0
BRDA:183,13,0,0
BRDA:183,13,1,2
BRDA:193,14,0,0
BRDA:193,14,1,2
BRDA:195,15,0,0
BRDA:195,15,1,0
BRDA:207,16,0,0
BRDA:207,16,1,0
BRDA:214,17,0,0
BRDA:214,17,1,2
BRDA:214,18,0,2
BRDA:214,18,1,0
BRDA:230,19,0,0
BRDA:230,19,1,0
BRDA:246,20,0,0
BRDA:246,20,1,0
BRDA:253,21,0,0
BRDA:253,21,1,0
BRDA:253,22,0,0
BRDA:253,22,1,0
BRDA:269,23,0,0
BRDA:269,23,1,0
BRDA:285,24,0,0
BRDA:285,24,1,0
BRDA:292,25,0,0
BRDA:292,25,1,0
BRDA:292,26,0,0
BRDA:292,26,1,0
BRDA:312,27,0,0
BRDA:312,27,1,0
BRDA:322,28,0,0
BRDA:322,28,1,0
BRDA:322,28,2,0
BRDA:323,29,0,0
BRDA:323,29,1,0
BRDA:330,30,0,0
BRDA:330,30,1,0
BRDA:330,31,0,0
BRDA:330,31,1,0
BRF:65
BRH:14
end_of_record
TN:
SF:controllers/onboardingController.js
FN:37,(anonymous_0)
FN:83,(anonymous_1)
FN:129,(anonymous_2)
FNF:3
FNH:0
FNDA:0,(anonymous_0)
FNDA:0,(anonymous_1)
FNDA:0,(anonymous_2)
DA:8,0
DA:19,0
DA:37,0
DA:38,0
DA:39,0
DA:40,0
DA:43,0
DA:44,0
DA:45,0
DA:51,0
DA:60,0
DA:61,0
DA:67,0
DA:73,0
DA:74,0
DA:83,0
DA:84,0
DA:85,0
DA:86,0
DA:89,0
DA:90,0
DA:91,0
DA:97,0
DA:106,0
DA:107,0
DA:113,0
DA:119,0
DA:120,0
DA:129,0
DA:130,0
DA:131,0
DA:132,0
DA:135,0
DA:140,0
DA:141,0
DA:147,0
DA:151,0
DA:156,0
DA:165,0
DA:166,0
LF:40
LH:0
BRDA:44,0,0,0
BRDA:44,0,1,0
BRDA:60,1,0,0
BRDA:60,1,1,0
BRDA:90,2,0,0
BRDA:90,2,1,0
BRDA:106,3,0,0
BRDA:106,3,1,0
BRDA:140,4,0,0
BRDA:140,4,1,0
BRDA:147,5,0,0
BRDA:147,5,1,0
BRDA:147,5,2,0
BRDA:151,6,0,0
BRDA:151,6,1,0
BRDA:151,6,2,0
BRDA:151,6,3,0
BRDA:160,7,0,0
BRDA:160,7,1,0
BRDA:161,8,0,0
BRDA:161,8,1,0
BRF:21
BRH:0
end_of_record
TN:
SF:controllers/performanceController.js
FN:8,(anonymous_0)
FN:35,(anonymous_1)
FN:37,(anonymous_2)
FN:42,(anonymous_3)
FN:61,(anonymous_4)
FN:89,(anonymous_5)
FN:146,(anonymous_6)
FN:187,(anonymous_7)
FN:208,(anonymous_8)
FN:255,(anonymous_9)
FN:294,(anonymous_10)
FN:300,(anonymous_11)
FN:314,(anonymous_12)
FN:320,(anonymous_13)
FN:324,(anonymous_14)
FN:329,(anonymous_15)
FN:329,(anonymous_16)
FN:330,(anonymous_17)
FN:330,(anonymous_18)
FN:335,(anonymous_19)
FN:366,(anonymous_20)
FNF:21
FNH:0
FNDA:0,(anonymous_0)
FNDA:0,(anonymous_1)
FNDA:0,(anonymous_2)
FNDA:0,(anonymous_3)
FNDA:0,(anonymous_4)
FNDA:0,(anonymous_5)
FNDA:0,(anonymous_6)
FNDA:0,(anonymous_7)
FNDA:0,(anonymous_8)
FNDA:0,(anonymous_9)
FNDA:0,(anonymous_10)
FNDA:0,(anonymous_11)
FNDA:0,(anonymous_12)
FNDA:0,(anonymous_13)
FNDA:0,(anonymous_14)
FNDA:0,(anonymous_15)
FNDA:0,(anonymous_16)
FNDA:0,(anonymous_17)
FNDA:0,(anonymous_18)
FNDA:0,(anonymous_19)
FNDA:0,(anonymous_20)
DA:8,0
DA:9,0
DA:10,0
DA:11,0
DA:13,0
DA:16,0
DA:17,0
DA:21,0
DA:22,0
DA:26,0
DA:27,0
DA:28,0
DA:29,0
DA:32,0
DA:35,0
DA:36,0
DA:37,0
DA:38,0
DA:39,0
DA:42,0
DA:43,0
DA:44,0
DA:51,0
DA:53,0
DA:54,0
DA:61,0
DA:62,0
DA:63,0
DA:64,0
DA:65,0
DA:67,0
DA:68,0
DA:72,0
DA:73,0
DA:79,0
DA:81,0
DA:82,0
DA:89,0
DA:90,0
DA:91,0
DA:92,0
DA:96,0
DA:98,0
DA:99,0
DA:103,0
DA:104,0
DA:105,0
DA:108,0
DA:124,0
DA:127,0
DA:133,0
DA:135,0
DA:136,0
DA:137,0
DA:139,0
DA:146,0
DA:147,0
DA:148,0
DA:149,0
DA:150,0
DA:153,0
DA:154,0
DA:155,0
DA:159,0
DA:160,0
DA:162,0
DA:164,0
DA:167,0
DA:168,0
DA:174,0
DA:176,0
DA:177,0
DA:178,0
DA:180,0
DA:187,0
DA:188,0
DA:189,0
DA:190,0
DA:192,0
DA:193,0
DA:194,0
DA:197,0
DA:199,0
DA:200,0
DA:208,0
DA:209,0
DA:210,0
DA:211,0
DA:215,0
DA:216,0
DA:217,0
DA:225,0
DA:226,0
DA:229,0
DA:235,0
DA:238,0
DA:239,0
DA:245,0
DA:247,0
DA:248,0
DA:255,0
DA:256,0
DA:257,0
DA:258,0
DA:259,0
DA:262,0
DA:263,0
DA:264,0
DA:267,0
DA:270,0
DA:271,0
DA:275,0
DA:276,0
DA:277,0
DA:278,0
DA:281,0
DA:283,0
DA:284,0
DA:288,0
DA:289,0
DA:290,0
DA:291,0
DA:292,0
DA:294,0
DA:295,0
DA:296,0
DA:298,0
DA:299,0
DA:300,0
DA:301,0
DA:302,0
DA:306,0
DA:307,0
DA:310,0
DA:311,0
DA:312,0
DA:313,0
DA:314,0
DA:315,0
DA:320,0
DA:321,0
DA:322,0
DA:324,0
DA:325,0
DA:326,0
DA:329,0
DA:330,0
DA:333,0
DA:334,0
DA:335,0
DA:336,0
DA:337,0
DA:338,0
DA:339,0
DA:340,0
DA:352,0
DA:366,0
DA:375,0
DA:376,0
LF:159
LH:0
BRDA:16,0,0,0
BRDA:16,0,1,0
BRDA:21,1,0,0
BRDA:21,1,1,0
BRDA:26,2,0,0
BRDA:26,2,1,0
BRDA:26,3,0,0
BRDA:26,3,1,0
BRDA:28,4,0,0
BRDA:28,4,1,0
BRDA:29,5,0,0
BRDA:29,5,1,0
BRDA:46,6,0,0
BRDA:46,6,1,0
BRDA:47,7,0,0
BRDA:47,7,1,0
BRDA:67,8,0,0
BRDA:67,8,1,0
BRDA:75,9,0,0
BRDA:75,9,1,0
BRDA:76,10,0,0
BRDA:76,10,1,0
BRDA:98,11,0,0
BRDA:98,11,1,0
BRDA:98,12,0,0
BRDA:98,12,1,0
BRDA:98,12,2,0
BRDA:104,13,0,0
BRDA:104,13,1,0
BRDA:112,14,0,0
BRDA:112,14,1,0
BRDA:113,15,0,0
BRDA:113,15,1,0
BRDA:116,16,0,0
BRDA:116,16,1,0
BRDA:117,17,0,0
BRDA:117,17,1,0
BRDA:118,18,0,0
BRDA:118,18,1,0
BRDA:120,19,0,0
BRDA:120,19,1,0
BRDA:136,20,0,0
BRDA:136,20,1,0
BRDA:154,21,0,0
BRDA:154,21,1,0
BRDA:170,22,0,0
BRDA:170,22,1,0
BRDA:171,23,0,0
BRDA:171,23,1,0
BRDA:177,24,0,0
BRDA:177,24,1,0
BRDA:193,25,0,0
BRDA:193,25,1,0
BRDA:216,26,0,0
BRDA:216,26,1,0
BRDA:225,27,0,0
BRDA:225,27,1,0
BRDA:225,28,0,0
BRDA:225,28,1,0
BRDA:241,29,0,0
BRDA:241,29,1,0
BRDA:242,30,0,0
BRDA:242,30,1,0
BRDA:263,31,0,0
BRDA:263,31,1,0
BRDA:270,32,0,0
BRDA:270,32,1,0
BRDA:275,33,0,0
BRDA:275,33,1,0
BRDA:275,34,0,0
BRDA:275,34,1,0
BRDA:277,35,0,0
BRDA:277,35,1,0
BRDA:278,36,0,0
BRDA:278,36,1,0
BRDA:283,37,0,0
BRDA:283,37,1,0
BRDA:295,38,0,0
BRDA:295,38,1,0
BRDA:298,39,0,0
BRDA:298,39,1,0
BRDA:301,40,0,0
BRDA:301,40,1,0
BRDA:306,41,0,0
BRDA:306,41,1,0
BRDA:307,42,0,0
BRDA:307,42,1,0
BRDA:311,43,0,0
BRDA:311,43,1,0
BRDA:313,44,0,0
BRDA:313,44,1,0
BRDA:321,45,0,0
BRDA:321,45,1,0
BRDA:325,46,0,0
BRDA:325,46,1,0
BRDA:334,47,0,0
BRDA:334,47,1,0
BRDA:338,48,0,0
BRDA:338,48,1,0
BRDA:338,49,0,0
BRDA:338,49,1,0
BRDA:347,50,0,0
BRDA:347,50,1,0
BRDA:360,51,0,0
BRDA:360,51,1,0
BRDA:360,52,0,0
BRDA:360,52,1,0
BRDA:361,53,0,0
BRDA:361,53,1,0
BRDA:361,54,0,0
BRDA:361,54,1,0
BRF:111
BRH:0
end_of_record
TN:
SF:controllers/productController.js
FN:41,(anonymous_0)
FN:70,(anonymous_1)
FN:101,(anonymous_2)
FN:139,(anonymous_3)
FN:185,(anonymous_4)
FN:230,(anonymous_5)
FNF:6
FNH:5
FNDA:2,(anonymous_0)
FNDA:3,(anonymous_1)
FNDA:3,(anonymous_2)
FNDA:5,(anonymous_3)
FNDA:5,(anonymous_4)
FNDA:0,(anonymous_5)
DA:7,1
DA:19,1
DA:31,1
DA:41,1
DA:42,2
DA:44,2
DA:46,2
DA:48,2
DA:50,1
DA:51,1
DA:57,1
DA:59,1
DA:61,1
DA:70,1
DA:71,3
DA:72,3
DA:73,3
DA:75,3
DA:77,0
DA:81,3
DA:83,3
DA:85,2
DA:89,1
DA:91,0
DA:92,0
DA:101,1
DA:102,3
DA:103,3
DA:106,3
DA:107,3
DA:109,1
DA:111,1
DA:114,2
DA:120,2
DA:122,1
DA:124,1
DA:126,1
DA:128,1
DA:130,0
DA:139,1
DA:140,5
DA:141,5
DA:142,5
DA:144,5
DA:146,0
DA:150,5
DA:151,5
DA:152,1
DA:154,1
DA:157,4
DA:163,4
DA:165,0
DA:169,4
DA:171,0
DA:172,0
DA:174,0
DA:176,0
DA:185,1
DA:186,5
DA:187,5
DA:188,5
DA:189,5
DA:191,5
DA:193,0
DA:196,5
DA:198,2
DA:199,2
DA:201,0
DA:204,2
DA:207,3
DA:212,3
DA:214,0
DA:217,3
DA:220,0
DA:221,0
DA:230,1
DA:231,0
DA:232,0
DA:233,0
DA:235,0
DA:237,0
DA:241,0
DA:242,0
DA:243,0
DA:245,0
DA:248,0
DA:250,0
DA:251,0
DA:253,0
DA:257,0
DA:258,0
DA:259,0
DA:260,0
DA:261,0
DA:262,0
DA:265,0
DA:267,0
DA:268,0
DA:272,0
DA:273,0
DA:275,0
DA:277,0
DA:278,0
LF:103
LH:61
BRDA:50,0,0,1
BRDA:50,0,1,0
BRDA:50,1,0,1
BRDA:50,1,1,1
BRDA:75,2,0,0
BRDA:75,2,1,3
BRDA:83,3,0,2
BRDA:83,3,1,1
BRDA:107,4,0,1
BRDA:107,4,1,2
BRDA:126,5,0,1
BRDA:126,5,1,0
BRDA:144,6,0,0
BRDA:144,6,1,5
BRDA:151,7,0,1
BRDA:151,7,1,4
BRDA:163,8,0,0
BRDA:163,8,1,4
BRDA:172,9,0,0
BRDA:172,9,1,0
BRDA:191,10,0,0
BRDA:191,10,1,5
BRDA:196,11,0,2
BRDA:196,11,1,3
BRDA:199,12,0,0
BRDA:199,12,1,2
BRDA:212,13,0,0
BRDA:212,13,1,3
BRDA:235,14,0,0
BRDA:235,14,1,0
BRDA:242,15,0,0
BRDA:242,15,1,0
BRDA:251,16,0,0
BRDA:251,16,1,0
BRDA:258,17,0,0
BRDA:258,17,1,0
BRDA:260,18,0,0
BRDA:260,18,1,0
BRDA:262,19,0,0
BRDA:262,19,1,0
BRDA:267,20,0,0
BRDA:267,20,1,0
BRF:42
BRH:18
end_of_record
TN:
SF:controllers/saleController.js
FN:20,(anonymous_0)
FN:61,(anonymous_1)
FN:98,(anonymous_2)
FN:125,(anonymous_3)
FN:142,(anonymous_4)
FN:212,(anonymous_5)
FN:234,(anonymous_6)
FN:261,(anonymous_7)
FN:342,(anonymous_8)
FNF:9
FNH:0
FNDA:0,(anonymous_0)
FNDA:0,(anonymous_1)
FNDA:0,(anonymous_2)
FNDA:0,(anonymous_3)
FNDA:0,(anonymous_4)
FNDA:0,(anonymous_5)
FNDA:0,(anonymous_6)
FNDA:0,(anonymous_7)
FNDA:0,(anonymous_8)
DA:10,0
DA:19,0
DA:20,0
DA:35,0
DA:50,0
DA:61,0
DA:62,0
DA:63,0
DA:64,0
DA:66,0
DA:69,0
DA:70,0
DA:71,0
DA:72,0
DA:75,0
DA:76,0
DA:79,0
DA:81,0
DA:82,0
DA:85,0
DA:86,0
DA:88,0
DA:89,0
DA:98,0
DA:99,0
DA:100,0
DA:101,0
DA:103,0
DA:104,0
DA:107,0
DA:109,0
DA:110,0
DA:113,0
DA:115,0
DA:116,0
DA:125,0
DA:126,0
DA:127,0
DA:128,0
DA:129,0
DA:130,0
DA:133,0
DA:134,0
DA:135,0
DA:136,0
DA:137,0
DA:138,0
DA:142,0
DA:143,0
DA:144,0
DA:145,0
DA:146,0
DA:154,0
DA:155,0
DA:156,0
DA:157,0
DA:158,0
DA:159,0
DA:161,0
DA:162,0
DA:163,0
DA:164,0
DA:165,0
DA:167,0
DA:168,0
DA:169,0
DA:170,0
DA:172,0
DA:181,0
DA:187,0
DA:190,0
DA:191,0
DA:194,0
DA:195,0
DA:197,0
DA:200,0
DA:201,0
DA:202,0
DA:203,0
DA:212,0
DA:217,0
DA:218,0
DA:219,0
DA:221,0
DA:222,0
DA:226,0
DA:227,0
DA:228,0
DA:229,0
DA:233,0
DA:234,0
DA:237,0
DA:243,0
DA:244,0
DA:249,0
DA:251,0
DA:252,0
DA:261,0
DA:262,0
DA:263,0
DA:264,0
DA:265,0
DA:266,0
DA:268,0
DA:269,0
DA:270,0
DA:271,0
DA:275,0
DA:276,0
DA:277,0
DA:278,0
DA:279,0
DA:280,0
DA:282,0
DA:284,0
DA:285,0
DA:286,0
DA:287,0
DA:288,0
DA:292,0
DA:293,0
DA:294,0
DA:295,0
DA:299,0
DA:300,0
DA:301,0
DA:303,0
DA:306,0
DA:307,0
DA:308,0
DA:309,0
DA:320,0
DA:321,0
DA:324,0
DA:325,0
DA:327,0
DA:330,0
DA:331,0
DA:332,0
DA:333,0
DA:342,0
DA:343,0
DA:344,0
DA:345,0
DA:347,0
DA:350,0
DA:351,0
DA:352,0
DA:353,0
DA:357,0
DA:369,0
DA:371,0
DA:374,0
DA:389,0
DA:397,0
DA:398,0
LF:156
LH:0
BRDA:69,0,0,0
BRDA:69,0,1,0
BRDA:69,1,0,0
BRDA:69,1,1,0
BRDA:71,2,0,0
BRDA:71,2,1,0
BRDA:72,3,0,0
BRDA:72,3,1,0
BRDA:75,4,0,0
BRDA:75,4,1,0
BRDA:81,5,0,0
BRDA:81,5,1,0
BRDA:103,6,0,0
BRDA:103,6,1,0
BRDA:109,7,0,0
BRDA:109,7,1,0
BRDA:134,8,0,0
BRDA:134,8,1,0
BRDA:143,9,0,0
BRDA:143,9,1,0
BRDA:156,10,0,0
BRDA:156,10,1,0
BRDA:162,11,0,0
BRDA:162,11,1,0
BRDA:167,12,0,0
BRDA:167,12,1,0
BRDA:190,13,0,0
BRDA:190,13,1,0
BRDA:221,14,0,0
BRDA:221,14,1,0
BRDA:227,15,0,0
BRDA:227,15,1,0
BRDA:233,16,0,0
BRDA:233,16,1,0
BRDA:243,17,0,0
BRDA:243,17,1,0
BRDA:268,18,0,0
BRDA:268,18,1,0
BRDA:276,19,0,0
BRDA:276,19,1,0
BRDA:285,20,0,0
BRDA:285,20,1,0
BRDA:292,21,0,0
BRDA:292,21,1,0
BRDA:300,22,0,0
BRDA:300,22,1,0
BRDA:301,23,0,0
BRDA:301,23,1,0
BRDA:308,24,0,0
BRDA:308,24,1,0
BRDA:308,25,0,0
BRDA:308,25,1,0
BRDA:320,26,0,0
BRDA:320,26,1,0
BRDA:350,27,0,0
BRDA:350,27,1,0
BRDA:350,28,0,0
BRDA:350,28,1,0
BRDA:352,29,0,0
BRDA:352,29,1,0
BRDA:353,30,0,0
BRDA:353,30,1,0
BRDA:369,31,0,0
BRDA:369,31,1,0
BRDA:371,32,0,0
BRDA:371,32,1,0
BRF:66
BRH:0
end_of_record
TN:
SF:controllers/scheduleController.js
FN:8,(anonymous_0)
FN:28,(anonymous_1)
FN:30,(anonymous_2)
FN:35,(anonymous_3)
FN:54,(anonymous_4)
FN:81,(anonymous_5)
FN:137,(anonymous_6)
FN:184,(anonymous_7)
FN:205,(anonymous_8)
FN:301,(anonymous_9)
FN:332,(anonymous_10)
FN:364,(anonymous_11)
FN:366,(anonymous_12)
FN:371,(anonymous_13)
FNF:14
FNH:0
FNDA:0,(anonymous_0)
FNDA:0,(anonymous_1)
FNDA:0,(anonymous_2)
FNDA:0,(anonymous_3)
FNDA:0,(anonymous_4)
FNDA:0,(anonymous_5)
FNDA:0,(anonymous_6)
FNDA:0,(anonymous_7)
FNDA:0,(anonymous_8)
FNDA:0,(anonymous_9)
FNDA:0,(anonymous_10)
FNDA:0,(anonymous_11)
FNDA:0,(anonymous_12)
FNDA:0,(anonymous_13)
DA:8,0
DA:9,0
DA:11,0
DA:12,0
DA:14,0
DA:17,0
DA:18,0
DA:21,0
DA:22,0
DA:25,0
DA:28,0
DA:29,0
DA:30,0
DA:31,0
DA:32,0
DA:35,0
DA:36,0
DA:37,0
DA:44,0
DA:46,0
DA:47,0
DA:54,0
DA:55,0
DA:56,0
DA:57,0
DA:59,0
DA:60,0
DA:64,0
DA:65,0
DA:71,0
DA:73,0
DA:74,0
DA:81,0
DA:82,0
DA:83,0
DA:84,0
DA:88,0
DA:90,0
DA:91,0
DA:95,0
DA:96,0
DA:97,0
DA:100,0
DA:114,0
DA:117,0
DA:123,0
DA:125,0
DA:127,0
DA:128,0
DA:130,0
DA:137,0
DA:138,0
DA:139,0
DA:140,0
DA:141,0
DA:144,0
DA:145,0
DA:146,0
DA:150,0
DA:151,0
DA:154,0
DA:155,0
DA:156,0
DA:157,0
DA:161,0
DA:164,0
DA:165,0
DA:171,0
DA:173,0
DA:174,0
DA:175,0
DA:177,0
DA:184,0
DA:185,0
DA:186,0
DA:187,0
DA:189,0
DA:190,0
DA:191,0
DA:194,0
DA:196,0
DA:197,0
DA:205,0
DA:206,0
DA:207,0
DA:208,0
DA:209,0
DA:211,0
DA:212,0
DA:216,0
DA:218,0
DA:219,0
DA:222,0
DA:223,0
DA:225,0
DA:227,0
DA:229,0
DA:230,0
DA:232,0
DA:233,0
DA:234,0
DA:236,0
DA:237,0
DA:240,0
DA:242,0
DA:244,0
DA:245,0
DA:246,0
DA:247,0
DA:248,0
DA:250,0
DA:251,0
DA:253,0
DA:254,0
DA:258,0
DA:259,0
DA:262,0
DA:274,0
DA:275,0
DA:276,0
DA:278,0
DA:288,0
DA:293,0
DA:294,0
DA:301,0
DA:302,0
DA:303,0
DA:304,0
DA:306,0
DA:307,0
DA:310,0
DA:320,0
DA:321,0
DA:325,0
DA:328,0
DA:329,0
DA:332,0
DA:333,0
DA:334,0
DA:335,0
DA:337,0
DA:341,0
DA:342,0
DA:344,0
DA:345,0
DA:346,0
DA:349,0
DA:350,0
DA:364,0
DA:365,0
DA:366,0
DA:367,0
DA:368,0
DA:371,0
DA:372,0
DA:373,0
DA:380,0
DA:382,0
DA:383,0
LF:159
LH:0
BRDA:17,0,0,0
BRDA:17,0,1,0
BRDA:18,1,0,0
BRDA:18,1,1,0
BRDA:21,2,0,0
BRDA:21,2,1,0
BRDA:39,3,0,0
BRDA:39,3,1,0
BRDA:40,4,0,0
BRDA:40,4,1,0
BRDA:59,5,0,0
BRDA:59,5,1,0
BRDA:67,6,0,0
BRDA:67,6,1,0
BRDA:68,7,0,0
BRDA:68,7,1,0
BRDA:90,8,0,0
BRDA:90,8,1,0
BRDA:90,9,0,0
BRDA:90,9,1,0
BRDA:90,9,2,0
BRDA:90,9,3,0
BRDA:96,10,0,0
BRDA:96,10,1,0
BRDA:108,11,0,0
BRDA:108,11,1,0
BRDA:109,12,0,0
BRDA:109,12,1,0
BRDA:110,13,0,0
BRDA:110,13,1,0
BRDA:127,14,0,0
BRDA:127,14,1,0
BRDA:145,15,0,0
BRDA:145,15,1,0
BRDA:154,16,0,0
BRDA:154,16,1,0
BRDA:154,17,0,0
BRDA:154,17,1,0
BRDA:156,18,0,0
BRDA:156,18,1,0
BRDA:167,19,0,0
BRDA:167,19,1,0
BRDA:168,20,0,0
BRDA:168,20,1,0
BRDA:174,21,0,0
BRDA:174,21,1,0
BRDA:190,22,0,0
BRDA:190,22,1,0
BRDA:211,23,0,0
BRDA:211,23,1,0
BRDA:218,24,0,0
BRDA:218,24,1,0
BRDA:229,25,0,0
BRDA:229,25,1,0
BRDA:240,26,0,0
BRDA:240,26,1,0
BRDA:240,27,0,0
BRDA:240,27,1,0
BRDA:244,28,0,0
BRDA:244,28,1,0
BRDA:246,29,0,0
BRDA:246,29,1,0
BRDA:248,30,0,0
BRDA:248,30,1,0
BRDA:258,31,0,0
BRDA:258,31,1,0
BRDA:306,32,0,0
BRDA:306,32,1,0
BRDA:306,33,0,0
BRDA:306,33,1,0
BRDA:320,34,0,0
BRDA:320,34,1,0
BRDA:334,35,0,0
BRDA:334,35,1,0
BRDA:349,36,0,0
BRDA:349,36,1,0
BRDA:375,37,0,0
BRDA:375,37,1,0
BRDA:376,38,0,0
BRDA:376,38,1,0
BRF:80
BRH:0
end_of_record
TN:
SF:controllers/summaryController.js
FN:26,(anonymous_0)
FN:67,(anonymous_1)
FNF:2
FNH:0
FNDA:0,(anonymous_0)
FNDA:0,(anonymous_1)
DA:10,0
DA:15,0
DA:26,0
DA:27,0
DA:28,0
DA:31,0
DA:32,0
DA:33,0
DA:38,0
DA:41,0
DA:42,0
DA:45,0
DA:49,0
DA:51,0
DA:55,0
DA:57,0
DA:58,0
DA:67,0
DA:68,0
DA:69,0
DA:72,0
DA:73,0
DA:74,0
DA:79,0
DA:83,0
DA:85,0
DA:87,0
DA:90,0
DA:93,0
DA:94,0
LF:30
LH:0
BRDA:32,0,0,0
BRDA:32,0,1,0
BRDA:41,1,0,0
BRDA:41,1,1,0
BRDA:42,2,0,0
BRDA:42,2,1,0
BRDA:49,3,0,0
BRDA:49,3,1,0
BRDA:49,4,0,0
BRDA:49,4,1,0
BRDA:73,5,0,0
BRDA:73,5,1,0
BRDA:85,6,0,0
BRDA:85,6,1,0
BRDA:85,7,0,0
BRDA:85,7,1,0
BRDA:87,8,0,0
BRDA:87,8,1,0
BRF:18
BRH:0
end_of_record
TN:
SF:middlewares/authMiddleware.js
FN:27,(anonymous_0)
FN:32,(anonymous_1)
FN:45,(anonymous_2)
FN:46,(anonymous_3)
FN:47,(anonymous_4)
FN:53,protectMiddleware
FN:114,(anonymous_6)
FN:124,(anonymous_7)
FN:134,(anonymous_8)
FNF:9
FNH:0
FNDA:0,(anonymous_0)
FNDA:0,(anonymous_1)
FNDA:0,(anonymous_2)
FNDA:0,(anonymous_3)
FNDA:0,(anonymous_4)
FNDA:0,protectMiddleware
FNDA:0,(anonymous_6)
FNDA:0,(anonymous_7)
FNDA:0,(anonymous_8)
DA:11,1
DA:12,1
DA:13,1
DA:14,0
DA:15,0
DA:22,1
DA:23,0
DA:27,0
DA:28,0
DA:32,0
DA:33,0
DA:34,0
DA:35,0
DA:37,0
DA:43,1
DA:44,1
DA:45,0
DA:47,0
DA:54,0
DA:56,0
DA:57,0
DA:61,0
DA:62,0
DA:66,0
DA:68,0
DA:69,0
DA:70,0
DA:75,0
DA:76,0
DA:77,0
DA:82,0
DA:83,0
DA:84,0
DA:87,0
DA:95,0
DA:97,0
DA:100,0
DA:101,0
DA:103,0
DA:104,0
DA:107,0
DA:108,0
DA:114,1
DA:115,0
DA:116,0
DA:118,0
DA:124,1
DA:125,0
DA:126,0
DA:128,0
DA:134,1
DA:135,0
DA:137,0
DA:140,0
DA:142,0
DA:144,0
DA:146,0
DA:150,0
DA:153,0
DA:154,0
DA:155,0
DA:158,0
DA:160,0
DA:161,0
LF:64
LH:9
BRDA:13,0,0,0
BRDA:13,0,1,1
BRDA:22,1,0,0
BRDA:22,1,1,1
BRDA:24,2,0,0
BRDA:24,2,1,0
BRDA:56,3,0,0
BRDA:56,3,1,0
BRDA:57,4,0,0
BRDA:57,4,1,0
BRDA:61,5,0,0
BRDA:61,5,1,0
BRDA:69,6,0,0
BRDA:69,6,1,0
BRDA:69,7,0,0
BRDA:69,7,1,0
BRDA:76,8,0,0
BRDA:76,8,1,0
BRDA:83,9,0,0
BRDA:83,9,1,0
BRDA:89,10,0,0
BRDA:89,10,1,0
BRDA:90,11,0,0
BRDA:90,11,1,0
BRDA:100,12,0,0
BRDA:100,12,1,0
BRDA:103,13,0,0
BRDA:103,13,1,0
BRDA:107,14,0,0
BRDA:107,14,1,0
BRDA:115,15,0,0
BRDA:115,15,1,0
BRDA:115,16,0,0
BRDA:115,16,1,0
BRDA:125,17,0,0
BRDA:125,17,1,0
BRDA:125,18,0,0
BRDA:125,18,1,0
BRDA:125,18,2,0
BRDA:135,19,0,0
BRDA:135,19,1,0
BRDA:135,20,0,0
BRDA:135,20,1,0
BRDA:144,21,0,0
BRDA:144,21,1,0
BRDA:153,22,0,0
BRDA:153,22,1,0
BRDA:153,23,0,0
BRDA:153,23,1,0
BRDA:160,24,0,0
BRDA:160,24,1,0
BRF:51
BRH:2
end_of_record
TN:
SF:middlewares/corsMiddleware.js
FN:9,(anonymous_0)
FN:22,(anonymous_1)
FN:62,(anonymous_2)
FNF:3
FNH:0
FNDA:0,(anonymous_0)
FNDA:0,(anonymous_1)
FNDA:0,(anonymous_2)
DA:6,0
DA:7,0
DA:9,0
DA:12,0
DA:13,0
DA:15,0
DA:21,0
DA:24,0
DA:25,0
DA:26,0
DA:27,0
DA:32,0
DA:38,0
DA:40,0
DA:43,0
DA:44,0
DA:57,0
DA:62,0
DA:64,0
DA:67,0
DA:73,0
LF:21
LH:0
BRDA:7,0,0,0
BRDA:7,0,1,0
BRDA:12,1,0,0
BRDA:12,1,1,0
BRDA:24,2,0,0
BRDA:24,2,1,0
BRDA:25,3,0,0
BRDA:25,3,1,0
BRDA:38,4,0,0
BRDA:38,4,1,0
BRDA:38,5,0,0
BRDA:38,5,1,0
BRDA:64,6,0,0
BRDA:64,6,1,0
BRF:14
BRH:0
end_of_record
TN:
SF:middlewares/errorHandler.js
FN:8,(anonymous_0)
FN:41,(anonymous_1)
FN:49,(anonymous_2)
FNF:3
FNH:1
FNDA:1,(anonymous_0)
FNDA:0,(anonymous_1)
FNDA:0,(anonymous_2)
DA:8,1
DA:11,1
DA:12,1
DA:13,1
DA:16,1
DA:17,1
DA:18,1
DA:19,1
DA:21,1
DA:22,1
DA:25,1
DA:26,0
DA:27,0
DA:31,1
DA:32,0
DA:33,0
DA:34,0
DA:35,0
DA:39,1
DA:40,0
DA:41,0
DA:42,0
DA:46,1
DA:47,0
DA:49,0
DA:53,1
DA:54,0
DA:55,0
DA:57,1
DA:58,0
DA:59,0
DA:64,1
DA:65,1
DA:68,1
LF:34
LH:19
BRDA:21,0,0,1
BRDA:21,0,1,1
BRDA:22,1,0,1
BRDA:22,1,1,0
BRDA:25,2,0,0
BRDA:25,2,1,1
BRDA:25,3,0,1
BRDA:25,3,1,0
BRDA:31,4,0,0
BRDA:31,4,1,1
BRDA:39,5,0,0
BRDA:39,5,1,1
BRDA:46,6,0,0
BRDA:46,6,1,1
BRDA:49,7,0,0
BRDA:49,7,1,0
BRDA:53,8,0,0
BRDA:53,8,1,1
BRDA:57,9,0,0
BRDA:57,9,1,1
BRDA:64,10,0,1
BRDA:64,10,1,0
BRDA:69,11,0,1
BRDA:69,11,1,0
BRDA:72,12,0,1
BRDA:72,12,1,0
BRF:26
BRH:13
end_of_record
TN:
SF:middlewares/errorMiddleware.js
FN:1,(anonymous_0)
FNF:1
FNH:0
FNDA:0,(anonymous_0)
DA:1,0
DA:2,0
DA:3,0
LF:3
LH:0
BRDA:3,0,0,0
BRDA:3,0,1,0
BRF:2
BRH:0
end_of_record
TN:
SF:middlewares/metricsMiddleware.js
FN:7,(anonymous_0)
FN:21,(anonymous_1)
FNF:2
FNH:0
FNDA:0,(anonymous_0)
FNDA:0,(anonymous_1)
DA:7,0
DA:9,0
DA:10,0
DA:14,0
DA:18,0
DA:21,0
DA:23,0
DA:24,0
DA:27,0
DA:34,0
DA:44,0
LF:11
LH:0
BRDA:9,0,0,0
BRDA:9,0,1,0
BRF:2
BRH:0
end_of_record
TN:
SF:middlewares/prometheusAuthMiddleware.js
FN:9,(anonymous_0)
FNF:1
FNH:0
FNDA:0,(anonymous_0)
DA:9,0
DA:10,0
DA:11,0
DA:14,0
DA:15,0
DA:16,0
DA:19,0
DA:21,0
DA:22,0
DA:23,0
DA:24,0
DA:28,0
DA:29,0
DA:30,0
DA:32,0
DA:33,0
DA:34,0
LF:17
LH:0
BRDA:14,0,0,0
BRDA:14,0,1,0
BRDA:14,1,0,0
BRDA:14,1,1,0
BRDA:21,2,0,0
BRDA:21,2,1,0
BRDA:21,3,0,0
BRDA:21,3,1,0
BRDA:21,3,2,0
BRDA:28,4,0,0
BRDA:28,4,1,0
BRDA:28,5,0,0
BRDA:28,5,1,0
BRF:13
BRH:0
end_of_record
TN:
SF:middlewares/rateLimiter.js
FN:8,(anonymous_0)
FN:14,(anonymous_1)
FN:30,(anonymous_2)
FN:31,(anonymous_3)
FN:32,(anonymous_4)
FNF:5
FNH:0
FNDA:0,(anonymous_0)
FNDA:0,(anonymous_1)
FNDA:0,(anonymous_2)
FNDA:0,(anonymous_3)
FNDA:0,(anonymous_4)
DA:8,0
DA:11,0
DA:12,0
DA:14,0
DA:17,0
DA:19,0
DA:20,0
DA:23,0
DA:30,0
DA:31,0
DA:33,0
DA:34,0
DA:40,0
DA:48,0
LF:14
LH:0
BRDA:8,0,0,0
BRDA:11,1,0,0
BRDA:11,1,1,0
BRDA:11,2,0,0
BRDA:11,2,1,0
BRDA:15,3,0,0
BRDA:15,3,1,0
BRDA:25,4,0,0
BRDA:25,4,1,0
BRDA:26,5,0,0
BRDA:26,5,1,0
BRDA:27,6,0,0
BRDA:27,6,1,0
BRDA:31,7,0,0
BRDA:31,7,1,0
BRF:15
BRH:0
end_of_record
TN:
SF:middlewares/roleMiddleware.js
FN:23,(anonymous_0)
FN:24,(anonymous_1)
FNF:2
FNH:0
FNDA:0,(anonymous_0)
FNDA:0,(anonymous_1)
DA:7,0
DA:12,0
DA:17,0
DA:23,0
DA:24,0
DA:25,0
DA:26,0
DA:28,0
DA:29,0
DA:32,0
DA:34,0
DA:35,0
LF:12
LH:0
BRDA:28,0,0,0
BRDA:28,0,1,0
BRF:2
BRH:0
end_of_record
TN:
SF:middlewares/roleTestMiddleware.js
FN:9,(anonymous_0)
FN:10,(anonymous_1)
FNF:2
FNH:0
FNDA:0,(anonymous_0)
FNDA:0,(anonymous_1)
DA:9,0
DA:10,0
DA:12,0
DA:13,0
DA:14,0
DA:18,0
DA:21,0
DA:22,0
DA:23,0
DA:25,0
DA:26,0
DA:30,0
DA:33,0
DA:34,0
LF:14
LH:0
BRDA:12,0,0,0
BRDA:12,0,1,0
BRDA:18,1,0,0
BRDA:18,1,1,0
BRDA:21,2,0,0
BRDA:21,2,1,0
BRDA:33,3,0,0
BRDA:33,3,1,0
BRF:8
BRH:0
end_of_record
TN:
SF:middlewares/tenantMiddleware.js
FN:9,(anonymous_0)
FN:14,(anonymous_1)
FNF:2
FNH:0
FNDA:0,(anonymous_0)
FNDA:0,(anonymous_1)
DA:9,0
DA:11,0
DA:14,0
DA:15,0
DA:22,0
LF:5
LH:0
BRDA:11,0,0,0
BRDA:11,0,1,0
BRDA:15,1,0,0
BRDA:15,1,1,0
BRF:4
BRH:0
end_of_record
TN:
SF:middlewares/tenantPlugin.js
FN:9,(anonymous_0)
FN:11,(anonymous_1)
FN:19,(anonymous_2)
FN:30,(anonymous_3)
FN:40,(anonymous_4)
FN:56,(anonymous_5)
FNF:6
FNH:0
FNDA:0,(anonymous_0)
FNDA:0,(anonymous_1)
FNDA:0,(anonymous_2)
FNDA:0,(anonymous_3)
FNDA:0,(anonymous_4)
FNDA:0,(anonymous_5)
DA:9,0
DA:11,0
DA:12,0
DA:13,0
DA:15,0
DA:19,0
DA:20,0
DA:22,0
DA:23,0
DA:24,0
DA:30,0
DA:31,0
DA:32,0
DA:33,0
DA:34,0
DA:40,0
DA:41,0
DA:42,0
DA:43,0
DA:44,0
DA:47,0
DA:48,0
DA:52,0
DA:56,0
DA:57,0
DA:58,0
DA:59,0
LF:27
LH:0
BRDA:12,0,0,0
BRDA:12,0,1,0
BRDA:12,1,0,0
BRDA:12,1,1,0
BRDA:20,2,0,0
BRDA:20,2,1,0
BRDA:20,3,0,0
BRDA:20,3,1,0
BRDA:23,4,0,0
BRDA:23,4,1,0
BRDA:31,5,0,0
BRDA:31,5,1,0
BRDA:31,6,0,0
BRDA:31,6,1,0
BRDA:33,7,0,0
BRDA:33,7,1,0
BRDA:41,8,0,0
BRDA:41,8,1,0
BRDA:41,9,0,0
BRDA:41,9,1,0
BRDA:43,10,0,0
BRDA:43,10,1,0
BRDA:47,11,0,0
BRDA:47,11,1,0
BRDA:47,12,0,0
BRDA:47,12,1,0
BRDA:47,12,2,0
BRF:27
BRH:0
end_of_record
TN:
SF:middlewares/tokenBlacklist.js
FN:9,(anonymous_0)
FN:34,(anonymous_1)
FNF:2
FNH:0
FNDA:0,(anonymous_0)
FNDA:0,(anonymous_1)
DA:6,0
DA:9,0
DA:10,0
DA:11,0
DA:12,0
DA:14,0
DA:15,0
DA:16,0
DA:19,0
DA:20,0
DA:21,0
DA:24,0
DA:26,0
DA:27,0
DA:29,0
DA:34,0
DA:37,0
DA:41,0
DA:42,0
DA:45,0
DA:46,0
DA:49,0
DA:52,0
DA:53,0
DA:55,0
DA:56,0
DA:57,0
DA:59,0
DA:60,0
DA:63,0
DA:65,0
DA:67,0
LF:32
LH:0
BRDA:10,0,0,0
BRDA:10,0,1,0
BRDA:10,1,0,0
BRDA:10,1,1,0
BRDA:19,2,0,0
BRDA:19,2,1,0
BRDA:37,3,0,0
BRDA:37,3,1,0
BRDA:37,4,0,0
BRDA:37,4,1,0
BRDA:45,5,0,0
BRDA:45,5,1,0
BRDA:45,6,0,0
BRDA:45,6,1,0
BRDA:57,7,0,0
BRDA:57,7,1,0
BRF:16
BRH:0
end_of_record
TN:
SF:models/accountingEntryModel.js
FNF:0
FNH:0
DA:4,0
DA:61,0
DA:62,0
DA:63,0
DA:64,0
DA:66,0
LF:6
LH:0
BRF:0
BRH:0
end_of_record
TN:
SF:models/conversationModel.js
FNF:0
FNH:0
DA:4,0
DA:20,0
DA:55,0
DA:56,0
DA:57,0
DA:59,0
LF:6
LH:0
BRF:0
BRH:0
end_of_record
TN:
SF:models/conversationSummaryModel.js
FNF:0
FNH:0
DA:4,0
DA:39,0
DA:40,0
DA:41,0
DA:43,0
LF:5
LH:0
BRF:0
BRH:0
end_of_record
TN:
SF:models/employeeModel.js
FNF:0
FNH:0
DA:4,0
DA:57,0
DA:58,0
DA:59,0
DA:60,0
DA:62,0
LF:6
LH:0
BRF:0
BRH:0
end_of_record
TN:
SF:models/performanceModel.js
FNF:0
FNH:0
DA:4,0
DA:24,0
DA:69,0
DA:70,0
DA:71,0
DA:72,0
DA:74,0
LF:7
LH:0
BRF:0
BRH:0
end_of_record
TN:
SF:models/productModel.js
FNF:0
FNH:0
DA:4,0
DA:45,0
DA:46,0
DA:47,0
DA:48,0
DA:50,0
LF:6
LH:0
BRF:0
BRH:0
end_of_record
TN:
SF:models/saleModel.js
FNF:0
FNH:0
DA:4,0
DA:29,0
DA:73,0
DA:74,0
DA:75,0
DA:76,0
DA:78,0
LF:7
LH:0
BRF:0
BRH:0
end_of_record
TN:
SF:models/scheduleModel.js
FNF:0
FNH:0
DA:4,0
DA:22,0
DA:65,0
DA:66,0
DA:67,0
DA:68,0
DA:69,0
DA:71,0
LF:8
LH:0
BRF:0
BRH:0
end_of_record
TN:
SF:models/tenantModel.js
FNF:0
FNH:0
DA:4,0
DA:22,0
LF:2
LH:0
BRF:0
BRH:0
end_of_record
TN:
SF:models/userModel.js
FN:58,(anonymous_0)
FN:63,(anonymous_1)
FNF:2
FNH:0
FNDA:0,(anonymous_0)
FNDA:0,(anonymous_1)
DA:5,0
DA:55,0
DA:58,0
DA:59,0
DA:63,0
DA:64,0
DA:66,0
DA:67,0
DA:68,0
DA:69,0
DA:71,0
DA:75,0
LF:12
LH:0
BRDA:64,0,0,0
BRDA:64,0,1,0
BRF:2
BRH:0
end_of_record
TN:
SF:routes/accountingRoutes.js
FNF:0
FNH:0
DA:16,0
DA:19,0
DA:22,0
DA:23,0
DA:25,0
DA:26,0
DA:27,0
DA:29,0
DA:30,0
DA:31,0
LF:10
LH:0
BRF:0
BRH:0
end_of_record
TN:
SF:routes/authRoutes.js
FN:18,(anonymous_0)
FNF:1
FNH:1
FNDA:25,(anonymous_0)
DA:15,1
DA:18,1
DA:20,25
DA:21,25
DA:22,25
DA:23,25
DA:25,25
DA:29,25
DA:33,1
DA:36,1
DA:37,1
DA:38,1
DA:39,1
DA:40,1
DA:41,1
DA:44,1
LF:16
LH:16
BRDA:21,0,0,10
BRDA:21,0,1,15
BRDA:22,1,0,0
BRDA:22,1,1,25
BRDA:23,2,0,0
BRDA:23,2,1,25
BRF:6
BRH:4
end_of_record
TN:
SF:routes/chatRoutes.js
FNF:0
FNH:0
DA:10,0
DA:13,0
DA:16,0
DA:19,0
DA:22,0
LF:5
LH:0
BRF:0
BRH:0
end_of_record
TN:
SF:routes/employeeRoutes.js
FNF:0
FNH:0
DA:16,1
DA:19,1
DA:24,1
DA:25,1
DA:26,1
DA:29,1
DA:30,1
DA:31,1
DA:32,1
DA:33,1
LF:10
LH:10
BRF:0
BRH:0
end_of_record
TN:
SF:routes/healthRoutes.js
FN:16,(anonymous_0)
FN:17,(anonymous_1)
FN:19,(anonymous_2)
FN:37,(anonymous_3)
FN:41,(anonymous_4)
FN:58,(anonymous_5)
FN:59,(anonymous_6)
FN:61,(anonymous_7)
FN:76,(anonymous_8)
FN:80,(anonymous_9)
FN:94,(anonymous_10)
FN:131,(anonymous_11)
FNF:12
FNH:0
FNDA:0,(anonymous_0)
FNDA:0,(anonymous_1)
FNDA:0,(anonymous_2)
FNDA:0,(anonymous_3)
FNDA:0,(anonymous_4)
FNDA:0,(anonymous_5)
FNDA:0,(anonymous_6)
FNDA:0,(anonymous_7)
FNDA:0,(anonymous_8)
FNDA:0,(anonymous_9)
FNDA:0,(anonymous_10)
FNDA:0,(anonymous_11)
DA:7,0
DA:10,0
DA:16,0
DA:17,0
DA:19,0
DA:20,0
DA:21,0
DA:24,0
DA:26,0
DA:29,0
DA:30,0
DA:31,0
DA:32,0
DA:36,0
DA:38,0
DA:39,0
DA:42,0
DA:43,0
DA:44,0
DA:47,0
DA:48,0
DA:49,0
DA:58,0
DA:59,0
DA:61,0
DA:62,0
DA:63,0
DA:66,0
DA:68,0
DA:69,0
DA:70,0
DA:71,0
DA:75,0
DA:77,0
DA:78,0
DA:81,0
DA:82,0
DA:83,0
DA:86,0
DA:87,0
DA:88,0
DA:94,0
DA:95,0
DA:96,0
DA:99,0
DA:102,0
DA:105,0
DA:106,0
DA:108,0
DA:118,0
DA:119,0
DA:121,0
DA:122,0
DA:131,0
DA:132,0
DA:133,0
DA:136,0
DA:139,0
DA:142,0
DA:143,0
DA:145,0
DA:156,0
DA:157,0
DA:159,0
DA:160,0
LF:65
LH:0
BRDA:29,0,0,0
BRDA:29,0,1,0
BRDA:68,1,0,0
BRDA:68,1,1,0
BRDA:105,2,0,0
BRDA:105,2,1,0
BRDA:105,3,0,0
BRDA:105,3,1,0
BRDA:106,4,0,0
BRDA:106,4,1,0
BRDA:112,5,0,0
BRDA:112,5,1,0
BRDA:113,6,0,0
BRDA:113,6,1,0
BRDA:142,7,0,0
BRDA:142,7,1,0
BRDA:142,8,0,0
BRDA:142,8,1,0
BRDA:143,9,0,0
BRDA:143,9,1,0
BRDA:150,10,0,0
BRDA:150,10,1,0
BRDA:151,11,0,0
BRDA:151,11,1,0
BRF:24
BRH:0
end_of_record
TN:
SF:routes/metricsRoutes.js
FN:14,(anonymous_0)
FNF:1
FNH:0
FNDA:0,(anonymous_0)
DA:7,0
DA:14,0
DA:15,0
DA:16,0
DA:19,0
DA:22,0
DA:25,0
DA:26,0
DA:28,0
DA:29,0
LF:10
LH:0
BRF:0
BRH:0
end_of_record
TN:
SF:routes/onboardingRoutes.js
FNF:0
FNH:0
DA:10,0
DA:13,0
DA:17,0
DA:20,0
DA:23,0
LF:5
LH:0
BRF:0
BRH:0
end_of_record
TN:
SF:routes/performanceRoutes.js
FN:18,(anonymous_0)
FNF:1
FNH:0
FNDA:0,(anonymous_0)
DA:15,0
DA:18,0
DA:19,0
DA:20,0
DA:25,0
DA:28,0
DA:31,0
DA:34,0
DA:37,0
DA:40,0
DA:43,0
LF:11
LH:0
BRF:0
BRH:0
end_of_record
TN:
SF:routes/productRoutes.js
FN:17,(anonymous_0)
FNF:1
FNH:1
FNDA:18,(anonymous_0)
DA:14,1
DA:17,1
DA:18,18
DA:19,18
DA:23,1
DA:24,1
DA:28,1
DA:31,1
DA:34,1
DA:37,1
DA:40,1
DA:43,1
LF:12
LH:12
BRF:0
BRH:0
end_of_record
TN:
SF:routes/saleRoutes.js
FN:17,(anonymous_0)
FNF:1
FNH:0
FNDA:0,(anonymous_0)
DA:14,0
DA:17,0
DA:18,0
DA:19,0
DA:23,0
DA:24,0
DA:28,0
DA:31,0
DA:34,0
DA:37,0
DA:40,0
DA:43,0
LF:12
LH:0
BRF:0
BRH:0
end_of_record
TN:
SF:routes/scheduleRoutes.js
FN:18,(anonymous_0)
FNF:1
FNH:0
FNDA:0,(anonymous_0)
DA:15,0
DA:18,0
DA:19,0
DA:20,0
DA:24,0
DA:25,0
DA:29,0
DA:32,0
DA:35,0
DA:38,0
DA:41,0
DA:44,0
DA:47,0
LF:13
LH:0
BRF:0
BRH:0
end_of_record
TN:
SF:routes/summaryRoutes.js
FN:13,(anonymous_0)
FNF:1
FNH:0
FNDA:0,(anonymous_0)
DA:10,0
DA:13,0
DA:14,0
DA:15,0
DA:19,0
DA:20,0
DA:24,0
DA:27,0
LF:8
LH:0
BRF:0
BRH:0
end_of_record
TN:
SF:services/aiService.js
FN:8,generateChat
FNF:1
FNH:1
FNDA:3,generateChat
DA:4,3
DA:5,3
DA:6,3
DA:9,3
DA:20,2
DA:21,1
DA:22,1
DA:24,1
DA:25,1
LF:9
LH:9
BRDA:6,0,0,1
BRDA:6,0,1,2
BRDA:20,1,0,1
BRDA:20,1,1,1
BRF:4
BRH:4
end_of_record
TN:
SF:services/contextManager.js
FN:14,(anonymous_0)
FN:51,(anonymous_1)
FN:52,(anonymous_2)
FN:91,(anonymous_3)
FN:92,(anonymous_4)
FN:120,(anonymous_5)
FN:135,(anonymous_6)
FN:146,(anonymous_7)
FN:150,(anonymous_8)
FN:154,(anonymous_9)
FN:181,(anonymous_10)
FNF:11
FNH:0
FNDA:0,(anonymous_0)
FNDA:0,(anonymous_1)
FNDA:0,(anonymous_2)
FNDA:0,(anonymous_3)
FNDA:0,(anonymous_4)
FNDA:0,(anonymous_5)
FNDA:0,(anonymous_6)
FNDA:0,(anonymous_7)
FNDA:0,(anonymous_8)
FNDA:0,(anonymous_9)
FNDA:0,(anonymous_10)
DA:14,0
DA:15,0
DA:17,0
DA:18,0
DA:19,0
DA:20,0
DA:21,0
DA:25,0
DA:26,0
DA:27,0
DA:28,0
DA:29,0
DA:33,0
DA:34,0
DA:36,0
DA:38,0
DA:39,0
DA:51,0
DA:52,0
DA:53,0
DA:55,0
DA:56,0
DA:59,0
DA:62,0
DA:63,0
DA:66,0
DA:67,0
DA:76,0
DA:78,0
DA:79,0
DA:91,0
DA:92,0
DA:93,0
DA:94,0
DA:95,0
DA:104,0
DA:105,0
DA:106,0
DA:108,0
DA:109,0
DA:120,0
DA:121,0
DA:122,0
DA:124,0
DA:126,0
DA:127,0
DA:128,0
DA:132,0
DA:135,0
DA:136,0
DA:137,0
DA:138,0
DA:139,0
DA:140,0
DA:141,0
DA:146,0
DA:147,0
DA:150,0
DA:151,0
DA:154,0
DA:155,0
DA:159,0
DA:160,0
DA:161,0
DA:162,0
DA:163,0
DA:169,0
DA:170,0
DA:172,0
DA:173,0
DA:181,0
DA:182,0
LF:72
LH:0
BRDA:19,0,0,0
BRDA:19,0,1,0
BRDA:27,1,0,0
BRDA:27,1,1,0
BRDA:91,2,0,0
BRDA:126,3,0,0
BRDA:126,3,1,0
BRDA:136,4,0,0
BRDA:136,4,1,0
BRDA:138,5,0,0
BRDA:138,5,1,0
BRDA:140,6,0,0
BRDA:140,6,1,0
BRDA:146,7,0,0
BRDA:146,7,1,0
BRDA:150,8,0,0
BRDA:150,8,1,0
BRDA:154,9,0,0
BRDA:154,9,1,0
BRDA:159,10,0,0
BRDA:159,10,1,0
BRDA:161,11,0,0
BRDA:161,11,1,0
BRDA:162,12,0,0
BRDA:162,12,1,0
BRF:25
BRH:0
end_of_record
TN:
SF:services/contextService.js
FN:12,(anonymous_0)
FN:20,(anonymous_1)
FNF:2
FNH:0
FNDA:0,(anonymous_0)
FNDA:0,(anonymous_1)
DA:4,0
DA:12,0
DA:13,0
DA:20,0
DA:21,0
DA:22,0
LF:6
LH:0
BRDA:22,0,0,0
BRDA:22,0,1,0
BRF:2
BRH:0
end_of_record
TN:
SF:services/emailService.js
FN:8,(anonymous_0)
FN:43,(anonymous_1)
FNF:2
FNH:0
FNDA:0,(anonymous_0)
FNDA:0,(anonymous_1)
DA:5,0
DA:8,0
DA:10,0
DA:11,0
DA:23,0
DA:43,0
DA:44,0
DA:45,0
DA:47,0
DA:56,0
DA:57,0
DA:58,0
DA:59,0
DA:60,0
DA:61,0
DA:64,0
DA:73,0
DA:74,0
DA:77,0
DA:78,0
LF:20
LH:0
BRDA:10,0,0,0
BRDA:10,0,1,0
BRDA:16,1,0,0
BRDA:16,1,1,0
BRDA:17,2,0,0
BRDA:17,2,1,0
BRDA:48,3,0,0
BRDA:48,3,1,0
BRDA:56,4,0,0
BRDA:56,4,1,0
BRF:10
BRH:0
end_of_record
TN:
SF:services/memoryService.js
FN:13,(anonymous_0)
FN:14,(anonymous_1)
FN:25,saveEmbedding
FN:40,queryMemory
FN:49,(anonymous_4)
FNF:5
FNH:0
FNDA:0,(anonymous_0)
FNDA:0,(anonymous_1)
FNDA:0,saveEmbedding
FNDA:0,queryMemory
FNDA:0,(anonymous_4)
DA:2,0
DA:3,0
DA:5,0
DA:6,0
DA:7,0
DA:8,0
DA:11,0
DA:12,0
DA:13,0
DA:15,0
DA:16,0
DA:26,0
DA:30,0
DA:41,0
DA:48,0
DA:49,0
DA:52,0
LF:17
LH:0
BRDA:6,0,0,0
BRDA:6,0,1,0
BRDA:40,1,0,0
BRF:3
BRH:0
end_of_record
TN:
SF:services/metricsService.js
FN:90,(anonymous_0)
FN:103,(anonymous_1)
FN:115,(anonymous_2)
FN:128,(anonymous_3)
FNF:4
FNH:0
FNDA:0,(anonymous_0)
FNDA:0,(anonymous_1)
FNDA:0,(anonymous_2)
FNDA:0,(anonymous_3)
DA:6,0
DA:9,0
DA:17,0
DA:25,0
DA:33,0
DA:43,0
DA:51,0
DA:60,0
DA:68,0
DA:76,0
DA:90,0
DA:91,0
DA:92,0
DA:94,0
DA:103,0
DA:104,0
DA:105,0
DA:107,0
DA:115,0
DA:116,0
DA:117,0
DA:119,0
DA:120,0
DA:128,0
DA:129,0
LF:25
LH:0
BRDA:19,0,0,0
BRDA:19,0,1,0
BRF:2
BRH:0
end_of_record
TN:
SF:services/openaiService.js
FN:25,(anonymous_0)
FN:42,(anonymous_1)
FN:105,(anonymous_2)
FN:130,(anonymous_3)
FN:184,(anonymous_4)
FN:208,(anonymous_5)
FN:218,(anonymous_6)
FNF:7
FNH:5
FNDA:6,(anonymous_0)
FNDA:4,(anonymous_1)
FNDA:0,(anonymous_2)
FNDA:3,(anonymous_3)
FNDA:0,(anonymous_4)
FNDA:2,(anonymous_5)
FNDA:2,(anonymous_6)
DA:7,1
DA:10,1
DA:25,1
DA:27,6
DA:29,0
DA:30,0
DA:31,0
DA:33,0
DA:42,1
DA:43,4
DA:45,4
DA:46,4
DA:47,1
DA:48,1
DA:51,3
DA:53,3
DA:55,0
DA:59,3
DA:61,3
DA:62,3
DA:63,1
DA:68,0
DA:75,0
DA:76,0
DA:78,0
DA:81,0
DA:82,0
DA:83,0
DA:84,0
DA:97,0
DA:99,0
DA:100,0
DA:101,0
DA:102,0
DA:104,0
DA:105,0
DA:109,0
DA:110,0
DA:111,0
DA:113,0
DA:114,0
DA:115,0
DA:118,2
DA:119,2
DA:120,2
DA:130,1
DA:131,3
DA:132,3
DA:134,3
DA:135,0
DA:139,3
DA:141,3
DA:142,3
DA:147,0
DA:154,0
DA:155,0
DA:157,0
DA:160,0
DA:161,0
DA:162,0
DA:163,0
DA:176,0
DA:178,0
DA:179,0
DA:180,0
DA:181,0
DA:183,0
DA:184,0
DA:188,0
DA:189,0
DA:190,0
DA:192,0
DA:195,0
DA:196,0
DA:197,0
DA:198,0
DA:208,1
DA:209,2
DA:210,2
DA:211,2
DA:218,1
DA:220,2
DA:222,0
DA:223,0
DA:224,0
DA:227,0
DA:236,0
DA:239,0
DA:240,0
LF:89
LH:32
BRDA:12,0,0,1
BRDA:12,0,1,0
BRDA:13,1,0,1
BRDA:13,1,1,0
BRDA:13,2,0,0
BRDA:13,2,1,0
BRDA:14,3,0,1
BRDA:14,3,1,1
BRDA:17,4,0,1
BRDA:17,4,1,0
BRDA:18,5,0,1
BRDA:18,5,1,0
BRDA:27,6,0,6
BRDA:27,6,1,0
BRDA:29,7,0,0
BRDA:29,7,1,0
BRDA:30,8,0,0
BRDA:30,8,1,0
BRDA:42,9,0,4
BRDA:46,10,0,1
BRDA:46,10,1,3
BRDA:47,11,0,0
BRDA:47,11,1,1
BRDA:53,12,0,0
BRDA:53,12,1,3
BRDA:59,13,0,3
BRDA:59,13,1,0
BRDA:91,14,0,0
BRDA:91,14,1,0
BRDA:101,15,0,0
BRDA:101,15,1,0
BRDA:118,16,0,0
BRDA:118,16,1,2
BRDA:130,17,0,3
BRDA:134,18,0,0
BRDA:134,18,1,3
BRDA:139,19,0,3
BRDA:139,19,1,0
BRDA:141,20,0,3
BRDA:141,20,1,0
BRDA:170,21,0,0
BRDA:170,21,1,0
BRDA:180,22,0,0
BRDA:180,22,1,0
BRDA:195,23,0,0
BRDA:195,23,1,0
BRDA:197,24,0,0
BRDA:197,24,1,0
BRDA:210,25,0,0
BRDA:210,25,1,2
BRDA:220,26,0,2
BRDA:220,26,1,0
BRDA:223,27,0,0
BRDA:223,27,1,0
BRF:54
BRH:20
end_of_record
TN:
SF:services/orchestrator.js
FN:22,(anonymous_0)
FN:83,(anonymous_1)
FNF:2
FNH:0
FNDA:0,(anonymous_0)
FNDA:0,(anonymous_1)
DA:22,0
DA:23,0
DA:25,0
DA:26,0
DA:27,0
DA:28,0
DA:29,0
DA:33,0
DA:37,0
DA:39,0
DA:40,0
DA:42,0
DA:43,0
DA:45,0
DA:46,0
DA:48,0
DA:49,0
DA:51,0
DA:52,0
DA:54,0
DA:58,0
DA:61,0
DA:62,0
DA:70,0
DA:72,0
DA:73,0
DA:83,0
DA:84,0
DA:86,0
DA:101,0
DA:104,0
DA:107,0
DA:108,0
DA:109,0
DA:110,0
DA:111,0
DA:113,0
DA:115,0
DA:116,0
LF:39
LH:0
BRDA:27,0,0,0
BRDA:27,0,1,0
BRDA:37,1,0,0
BRDA:37,1,1,0
BRDA:37,1,2,0
BRDA:37,1,3,0
BRDA:37,1,4,0
BRDA:37,1,5,0
BRDA:61,2,0,0
BRDA:61,2,1,0
BRDA:107,3,0,0
BRDA:107,3,1,0
BRDA:108,4,0,0
BRDA:108,4,1,0
BRDA:109,5,0,0
BRDA:109,5,1,0
BRDA:110,6,0,0
BRDA:110,6,1,0
BRDA:111,7,0,0
BRDA:111,7,1,0
BRF:20
BRH:0
end_of_record
TN:
SF:services/queue.js
FN:39,(anonymous_0)
FN:52,(anonymous_1)
FN:56,(anonymous_2)
FN:66,(anonymous_3)
FN:69,(anonymous_4)
FN:75,(anonymous_5)
FNF:6
FNH:0
FNDA:0,(anonymous_0)
FNDA:0,(anonymous_1)
FNDA:0,(anonymous_2)
FNDA:0,(anonymous_3)
FNDA:0,(anonymous_4)
FNDA:0,(anonymous_5)
DA:2,0
DA:3,0
DA:6,0
DA:14,0
DA:15,0
DA:16,0
DA:19,0
DA:20,0
DA:21,0
DA:24,0
DA:34,0
DA:40,0
DA:53,0
DA:57,0
DA:67,0
DA:70,0
DA:76,0
LF:17
LH:0
BRDA:7,0,0,0
BRDA:7,0,1,0
BRDA:8,1,0,0
BRDA:8,1,1,0
BRDA:10,2,0,0
BRDA:10,2,1,0
BRDA:39,3,0,0
BRDA:56,4,0,0
BRDA:69,5,0,0
BRF:9
BRH:0
end_of_record
TN:
SF:services/queueService.js
FN:34,(anonymous_0)
FN:43,(anonymous_1)
FN:52,(anonymous_2)
FN:78,(anonymous_3)
FN:82,(anonymous_4)
FN:86,(anonymous_5)
FN:91,(anonymous_6)
FN:95,(anonymous_7)
FN:110,(anonymous_8)
FN:131,(anonymous_9)
FN:163,(anonymous_10)
FN:167,(anonymous_11)
FN:171,(anonymous_12)
FN:175,(anonymous_13)
FN:190,(anonymous_14)
FN:194,(anonymous_15)
FN:206,(anonymous_16)
FN:237,(anonymous_17)
FNF:18
FNH:0
FNDA:0,(anonymous_0)
FNDA:0,(anonymous_1)
FNDA:0,(anonymous_2)
FNDA:0,(anonymous_3)
FNDA:0,(anonymous_4)
FNDA:0,(anonymous_5)
FNDA:0,(anonymous_6)
FNDA:0,(anonymous_7)
FNDA:0,(anonymous_8)
FNDA:0,(anonymous_9)
FNDA:0,(anonymous_10)
FNDA:0,(anonymous_11)
FNDA:0,(anonymous_12)
FNDA:0,(anonymous_13)
FNDA:0,(anonymous_14)
FNDA:0,(anonymous_15)
FNDA:0,(anonymous_16)
FNDA:0,(anonymous_17)
DA:7,0
DA:19,0
DA:25,0
DA:27,0
DA:34,0
DA:35,0
DA:43,0
DA:44,0
DA:52,0
DA:53,0
DA:54,0
DA:56,0
DA:57,0
DA:58,0
DA:59,0
DA:60,0
DA:63,0
DA:68,0
DA:73,0
DA:76,0
DA:78,0
DA:79,0
DA:82,0
DA:83,0
DA:86,0
DA:87,0
DA:91,0
DA:92,0
DA:95,0
DA:96,0
DA:100,0
DA:110,0
DA:111,0
DA:112,0
DA:114,0
DA:115,0
DA:116,0
DA:117,0
DA:119,0
DA:120,0
DA:131,0
DA:133,0
DA:134,0
DA:135,0
DA:136,0
DA:137,0
DA:140,0
DA:141,0
DA:142,0
DA:143,0
DA:144,0
DA:147,0
DA:152,0
DA:161,0
DA:163,0
DA:164,0
DA:167,0
DA:168,0
DA:171,0
DA:172,0
DA:175,0
DA:176,0
DA:177,0
DA:178,0
DA:179,0
DA:180,0
DA:181,0
DA:182,0
DA:184,0
DA:190,0
DA:191,0
DA:194,0
DA:195,0
DA:198,0
DA:199,0
DA:200,0
DA:206,0
DA:207,0
DA:210,0
DA:211,0
DA:212,0
DA:216,0
DA:217,0
DA:218,0
DA:221,0
DA:222,0
DA:223,0
DA:226,0
DA:227,0
DA:229,0
DA:237,0
DA:238,0
DA:240,0
DA:241,0
DA:242,0
DA:243,0
DA:245,0
DA:246,0
DA:250,0
LF:99
LH:0
BRDA:53,0,0,0
BRDA:53,0,1,0
BRDA:57,1,0,0
BRDA:57,1,1,0
BRDA:110,2,0,0
BRDA:131,3,0,0
BRDA:133,4,0,0
BRDA:133,4,1,0
BRDA:141,5,0,0
BRDA:141,5,1,0
BRF:10
BRH:0
end_of_record
TN:
SF:services/redisService.js
FN:21,(anonymous_0)
FN:31,(anonymous_1)
FN:55,(anonymous_2)
FN:64,(anonymous_3)
FN:69,(anonymous_4)
FN:78,(anonymous_5)
FN:87,(anonymous_6)
FN:97,(anonymous_7)
FN:130,(anonymous_8)
FN:143,(anonymous_9)
FN:155,(anonymous_10)
FN:177,(anonymous_11)
FN:204,(anonymous_12)
FN:220,(anonymous_13)
FN:225,(anonymous_14)
FN:230,(anonymous_15)
FN:239,(anonymous_16)
FN:244,(anonymous_17)
FN:255,(anonymous_18)
FN:260,(anonymous_19)
FN:265,(anonymous_20)
FN:274,(anonymous_21)
FN:279,(anonymous_22)
FN:284,(anonymous_23)
FN:293,(anonymous_24)
FN:312,(anonymous_25)
FNF:26
FNH:0
FNDA:0,(anonymous_0)
FNDA:0,(anonymous_1)
FNDA:0,(anonymous_2)
FNDA:0,(anonymous_3)
FNDA:0,(anonymous_4)
FNDA:0,(anonymous_5)
FNDA:0,(anonymous_6)
FNDA:0,(anonymous_7)
FNDA:0,(anonymous_8)
FNDA:0,(anonymous_9)
FNDA:0,(anonymous_10)
FNDA:0,(anonymous_11)
FNDA:0,(anonymous_12)
FNDA:0,(anonymous_13)
FNDA:0,(anonymous_14)
FNDA:0,(anonymous_15)
FNDA:0,(anonymous_16)
FNDA:0,(anonymous_17)
FNDA:0,(anonymous_18)
FNDA:0,(anonymous_19)
FNDA:0,(anonymous_20)
FNDA:0,(anonymous_21)
FNDA:0,(anonymous_22)
FNDA:0,(anonymous_23)
FNDA:0,(anonymous_24)
FNDA:0,(anonymous_25)
DA:5,0
DA:7,0
DA:10,0
DA:11,0
DA:12,0
DA:15,0
DA:22,0
DA:23,0
DA:24,0
DA:31,0
DA:33,0
DA:34,0
DA:37,0
DA:38,0
DA:42,0
DA:46,0
DA:47,0
DA:48,0
DA:51,0
DA:52,0
DA:53,0
DA:55,0
DA:56,0
DA:57,0
DA:58,0
DA:59,0
DA:60,0
DA:64,0
DA:65,0
DA:66,0
DA:69,0
DA:70,0
DA:71,0
DA:72,0
DA:73,0
DA:74,0
DA:78,0
DA:79,0
DA:80,0
DA:81,0
DA:82,0
DA:83,0
DA:87,0
DA:88,0
DA:91,0
DA:97,0
DA:98,0
DA:100,0
DA:103,0
DA:104,0
DA:105,0
DA:108,0
DA:109,0
DA:110,0
DA:111,0
DA:113,0
DA:115,0
DA:116,0
DA:118,0
DA:122,0
DA:123,0
DA:130,0
DA:133,0
DA:134,0
DA:136,0
DA:143,0
DA:144,0
DA:145,0
DA:155,0
DA:156,0
DA:157,0
DA:158,0
DA:159,0
DA:160,0
DA:162,0
DA:166,0
DA:167,0
DA:177,0
DA:178,0
DA:179,0
DA:180,0
DA:181,0
DA:182,0
DA:184,0
DA:185,0
DA:186,0
DA:188,0
DA:189,0
DA:192,0
DA:194,0
DA:195,0
DA:204,0
DA:205,0
DA:206,0
DA:207,0
DA:209,0
DA:210,0
DA:217,0
DA:218,0
DA:220,0
DA:221,0
DA:222,0
DA:225,0
DA:226,0
DA:227,0
DA:230,0
DA:231,0
DA:232,0
DA:236,0
DA:237,0
DA:239,0
DA:240,0
DA:241,0
DA:244,0
DA:245,0
DA:246,0
DA:252,0
DA:253,0
DA:255,0
DA:256,0
DA:257,0
DA:260,0
DA:261,0
DA:262,0
DA:265,0
DA:266,0
DA:267,0
DA:271,0
DA:272,0
DA:274,0
DA:275,0
DA:276,0
DA:279,0
DA:280,0
DA:281,0
DA:284,0
DA:285,0
DA:286,0
DA:293,0
DA:294,0
DA:296,0
DA:297,0
DA:299,0
DA:300,0
DA:301,0
DA:302,0
DA:304,0
DA:305,0
DA:312,0
DA:313,0
DA:314,0
DA:315,0
DA:317,0
DA:318,0
DA:322,0
DA:325,0
DA:327,0
DA:328,0
DA:329,0
DA:330,0
DA:331,0
LF:161
LH:0
BRDA:16,0,0,0
BRDA:16,0,1,0
BRDA:17,1,0,0
BRDA:17,1,1,0
BRDA:18,2,0,0
BRDA:18,2,1,0
BRDA:33,3,0,0
BRDA:33,3,1,0
BRDA:34,4,0,0
BRDA:34,4,1,0
BRDA:46,5,0,0
BRDA:46,5,1,0
BRDA:51,6,0,0
BRDA:51,6,1,0
BRDA:51,7,0,0
BRDA:51,7,1,0
BRDA:58,8,0,0
BRDA:58,8,1,0
BRDA:72,9,0,0
BRDA:72,9,1,0
BRDA:81,10,0,0
BRDA:81,10,1,0
BRDA:98,11,0,0
BRDA:98,11,1,0
BRDA:103,12,0,0
BRDA:103,12,1,0
BRDA:109,13,0,0
BRDA:109,13,1,0
BRDA:122,14,0,0
BRDA:122,14,1,0
BRDA:133,15,0,0
BRDA:133,15,1,0
BRDA:133,16,0,0
BRDA:133,16,1,0
BRDA:133,16,2,0
BRDA:133,16,3,0
BRDA:133,16,4,0
BRDA:144,17,0,0
BRDA:144,17,1,0
BRDA:145,18,0,0
BRDA:145,18,1,0
BRDA:145,18,2,0
BRDA:145,18,3,0
BRDA:158,19,0,0
BRDA:158,19,1,0
BRDA:159,20,0,0
BRDA:159,20,1,0
BRDA:166,21,0,0
BRDA:166,21,1,0
BRDA:177,22,0,0
BRDA:181,23,0,0
BRDA:181,23,1,0
BRDA:184,24,0,0
BRDA:184,24,1,0
BRDA:188,25,0,0
BRDA:188,25,1,0
BRDA:194,26,0,0
BRDA:194,26,1,0
BRDA:209,27,0,0
BRDA:209,27,1,0
BRDA:294,28,0,0
BRDA:294,28,1,0
BRDA:296,29,0,0
BRDA:296,29,1,0
BRDA:313,30,0,0
BRDA:313,30,1,0
BRDA:315,31,0,0
BRDA:315,31,1,0
BRDA:317,32,0,0
BRDA:317,32,1,0
BRDA:329,33,0,0
BRDA:329,33,1,0
BRF:72
BRH:0
end_of_record
TN:
SF:services/summaryManager.js
FN:13,(anonymous_0)
FN:17,(anonymous_1)
FN:64,(anonymous_2)
FN:90,(anonymous_3)
FN:145,(anonymous_4)
FN:172,(anonymous_5)
FN:197,(anonymous_6)
FNF:7
FNH:0
FNDA:0,(anonymous_0)
FNDA:0,(anonymous_1)
FNDA:0,(anonymous_2)
FNDA:0,(anonymous_3)
FNDA:0,(anonymous_4)
FNDA:0,(anonymous_5)
FNDA:0,(anonymous_6)
DA:13,0
DA:14,0
DA:16,0
DA:17,0
DA:21,0
DA:38,0
DA:45,0
DA:46,0
DA:48,0
DA:49,0
DA:51,0
DA:52,0
DA:53,0
DA:54,0
DA:62,0
DA:63,0
DA:64,0
DA:66,0
DA:73,0
DA:75,0
DA:90,0
DA:91,0
DA:92,0
DA:93,0
DA:95,0
DA:98,0
DA:99,0
DA:100,0
DA:101,0
DA:103,0
DA:107,0
DA:110,0
DA:129,0
DA:132,0
DA:135,0
DA:145,0
DA:146,0
DA:147,0
DA:148,0
DA:149,0
DA:151,0
DA:153,0
DA:158,0
DA:160,0
DA:161,0
DA:172,0
DA:173,0
DA:174,0
DA:175,0
DA:176,0
DA:177,0
DA:178,0
DA:181,0
DA:182,0
DA:185,0
DA:186,0
DA:197,0
DA:198,0
DA:205,0
LF:59
LH:0
BRDA:55,0,0,0
BRDA:55,0,1,0
BRDA:56,1,0,0
BRDA:56,1,1,0
BRDA:57,2,0,0
BRDA:57,2,1,0
BRDA:62,3,0,0
BRDA:62,3,1,0
BRDA:63,4,0,0
BRDA:63,4,1,0
BRDA:64,5,0,0
BRDA:64,5,1,0
BRDA:64,6,0,0
BRDA:64,6,1,0
BRDA:92,7,0,0
BRDA:92,7,1,0
BRDA:98,8,0,0
BRDA:98,8,1,0
BRDA:98,9,0,0
BRDA:98,9,1,0
BRDA:100,10,0,0
BRDA:100,10,1,0
BRDA:117,11,0,0
BRDA:117,11,1,0
BRDA:117,12,0,0
BRDA:117,12,1,0
BRDA:147,13,0,0
BRDA:147,13,1,0
BRDA:175,14,0,0
BRDA:175,14,1,0
BRDA:175,15,0,0
BRDA:175,15,1,0
BRDA:177,16,0,0
BRDA:177,16,1,0
BRDA:178,17,0,0
BRDA:178,17,1,0
BRF:36
BRH:0
end_of_record
